2019-09-29 08:53:16,192 ERROR 49972 nodejs.unhandledExceptionError: read ECONNRESET
    at TCP.onStreamRead (internal/stream_base_commons.js:201:27)
errno: "ECONNRESET"
code: "ECONNRESET"
syscall: "read"
name: "unhandledExceptionError"
pid: 49972
hostname: SZ-DTC-0967

2019-09-29 08:53:16,195 ERROR 49972 nodejs.unhandledExceptionError: read ECONNRESET
    at TCP.onStreamRead (internal/stream_base_commons.js:201:27)
errno: "ECONNRESET"
code: "ECONNRESET"
syscall: "read"
name: "unhandledExceptionError"
pid: 49972
hostname: SZ-DTC-0967

2019-09-29 09:51:51,917 ERROR 71076 [-/127.0.0.1/-/7ms GET /] nodejs.TypeError: Cannot read property 'get' of undefined
    at HomeController.index (C:\Users\robin.zhu\Desktop\egg-learn\app\controller\home.ts:9:40)
    at processTicksAndRejections (internal/process/task_queues.js:93:5)

pid: 71076
hostname: SZ-DTC-0967

2019-09-29 09:56:43,706 ERROR 80560 [-/127.0.0.1/-/7ms GET /] nodejs.TypeError: Cannot read property 'get' of undefined
    at HomeController.index (C:\Users\robin.zhu\Desktop\egg-learn\app\controller\home.ts:9:40)
    at processTicksAndRejections (internal/process/task_queues.js:93:5)

pid: 80560
hostname: SZ-DTC-0967

2019-09-29 09:56:45,892 ERROR 80560 [-/127.0.0.1/-/0ms GET /] nodejs.TypeError: Cannot read property 'get' of undefined
    at HomeController.index (C:\Users\robin.zhu\Desktop\egg-learn\app\controller\home.ts:9:40)
    at processTicksAndRejections (internal/process/task_queues.js:93:5)

pid: 80560
hostname: SZ-DTC-0967

2019-09-29 10:00:30,389 ERROR 35144 [-/127.0.0.1/-/5ms GET /] nodejs.TypeError: Cannot read property 'get' of undefined
    at HomeController.index (C:\Users\robin.zhu\Desktop\egg-learn\app\controller\home.ts:9:40)
    at processTicksAndRejections (internal/process/task_queues.js:93:5)

pid: 35144
hostname: SZ-DTC-0967

2019-09-29 10:00:32,835 ERROR 35144 [-/127.0.0.1/-/1ms GET /] nodejs.TypeError: Cannot read property 'get' of undefined
    at HomeController.index (C:\Users\robin.zhu\Desktop\egg-learn\app\controller\home.ts:9:40)
    at processTicksAndRejections (internal/process/task_queues.js:93:5)

pid: 35144
hostname: SZ-DTC-0967

2019-09-29 10:02:07,649 ERROR 74592 [-/127.0.0.1/-/6ms GET /] nodejs.TypeError: Cannot read property 'query' of undefined
    at HomeController.index (C:\Users\robin.zhu\Desktop\egg-learn\app\controller\home.ts:9:40)
    at processTicksAndRejections (internal/process/task_queues.js:93:5)

pid: 74592
hostname: SZ-DTC-0967

2019-09-29 10:04:49,645 ERROR 59072 [-/127.0.0.1/-/5ms GET /] nodejs.TypeError: Cannot read property 'query' of undefined
    at NewsService.list (C:\Users\robin.zhu\Desktop\egg-learn\app\service\news.ts:21:44)
    at HomeController.index (C:\Users\robin.zhu\Desktop\egg-learn\app\controller\home.ts:8:42)
    at Object.callFn (C:\Users\robin.zhu\Desktop\egg-learn\node_modules\egg-core\lib\utils\index.js:44:21)
    at Object.classControllerMiddleware (C:\Users\robin.zhu\Desktop\egg-learn\node_modules\egg-core\lib\loader\mixin\controller.js:87:20)
    at Object.callFn (C:\Users\robin.zhu\Desktop\egg-learn\node_modules\@eggjs\router\lib\utils.js:12:21)
    at wrappedController (C:\Users\robin.zhu\Desktop\egg-learn\node_modules\@eggjs\router\lib\egg_router.js:322:18)
    at dispatch (C:\Users\robin.zhu\Desktop\egg-learn\node_modules\koa-compose\index.js:44:32)
    at next (C:\Users\robin.zhu\Desktop\egg-learn\node_modules\koa-compose\index.js:45:18)
    at C:\Users\robin.zhu\Desktop\egg-learn\node_modules\@eggjs\router\lib\router.js:190:18
    at dispatch (C:\Users\robin.zhu\Desktop\egg-learn\node_modules\koa-compose\index.js:44:32)

pid: 59072
hostname: SZ-DTC-0967

2019-09-29 10:09:03,591 ERROR 65976 [-/127.0.0.1/-/6ms GET /] nodejs.TypeError: Cannot read property 'query' of undefined
    at NewsService.list (C:\Users\robin.zhu\Desktop\egg-learn\app\service\news.ts:21:44)
    at HomeController.index (C:\Users\robin.zhu\Desktop\egg-learn\app\controller\home.ts:8:42)
    at Object.callFn (C:\Users\robin.zhu\Desktop\egg-learn\node_modules\egg-core\lib\utils\index.js:44:21)
    at Object.classControllerMiddleware (C:\Users\robin.zhu\Desktop\egg-learn\node_modules\egg-core\lib\loader\mixin\controller.js:87:20)
    at Object.callFn (C:\Users\robin.zhu\Desktop\egg-learn\node_modules\@eggjs\router\lib\utils.js:12:21)
    at wrappedController (C:\Users\robin.zhu\Desktop\egg-learn\node_modules\@eggjs\router\lib\egg_router.js:322:18)
    at dispatch (C:\Users\robin.zhu\Desktop\egg-learn\node_modules\koa-compose\index.js:44:32)
    at next (C:\Users\robin.zhu\Desktop\egg-learn\node_modules\koa-compose\index.js:45:18)
    at C:\Users\robin.zhu\Desktop\egg-learn\node_modules\@eggjs\router\lib\router.js:190:18
    at dispatch (C:\Users\robin.zhu\Desktop\egg-learn\node_modules\koa-compose\index.js:44:32)

pid: 65976
hostname: SZ-DTC-0967

2019-09-29 10:09:34,607 ERROR 35360 [-/127.0.0.1/-/5ms GET /] nodejs.TypeError: Cannot read property 'query' of undefined
    at NewsService.list (C:\Users\robin.zhu\Desktop\egg-learn\app\service\news.ts:21:44)
    at HomeController.index (C:\Users\robin.zhu\Desktop\egg-learn\app\controller\home.ts:8:42)
    at Object.callFn (C:\Users\robin.zhu\Desktop\egg-learn\node_modules\egg-core\lib\utils\index.js:44:21)
    at Object.classControllerMiddleware (C:\Users\robin.zhu\Desktop\egg-learn\node_modules\egg-core\lib\loader\mixin\controller.js:87:20)
    at Object.callFn (C:\Users\robin.zhu\Desktop\egg-learn\node_modules\@eggjs\router\lib\utils.js:12:21)
    at wrappedController (C:\Users\robin.zhu\Desktop\egg-learn\node_modules\@eggjs\router\lib\egg_router.js:322:18)
    at dispatch (C:\Users\robin.zhu\Desktop\egg-learn\node_modules\koa-compose\index.js:44:32)
    at next (C:\Users\robin.zhu\Desktop\egg-learn\node_modules\koa-compose\index.js:45:18)
    at C:\Users\robin.zhu\Desktop\egg-learn\node_modules\@eggjs\router\lib\router.js:190:18
    at dispatch (C:\Users\robin.zhu\Desktop\egg-learn\node_modules\koa-compose\index.js:44:32)

pid: 35360
hostname: SZ-DTC-0967

2019-09-29 10:10:12,941 ERROR 38148 [-/127.0.0.1/-/6ms GET /] nodejs.TypeError: Cannot read property 'query' of undefined
    at NewsService.list (C:\Users\robin.zhu\Desktop\egg-learn\app\service\news.ts:21:44)
    at HomeController.index (C:\Users\robin.zhu\Desktop\egg-learn\app\controller\home.ts:8:42)
    at Object.callFn (C:\Users\robin.zhu\Desktop\egg-learn\node_modules\egg-core\lib\utils\index.js:44:21)
    at Object.classControllerMiddleware (C:\Users\robin.zhu\Desktop\egg-learn\node_modules\egg-core\lib\loader\mixin\controller.js:87:20)
    at Object.callFn (C:\Users\robin.zhu\Desktop\egg-learn\node_modules\@eggjs\router\lib\utils.js:12:21)
    at wrappedController (C:\Users\robin.zhu\Desktop\egg-learn\node_modules\@eggjs\router\lib\egg_router.js:322:18)
    at dispatch (C:\Users\robin.zhu\Desktop\egg-learn\node_modules\koa-compose\index.js:44:32)
    at next (C:\Users\robin.zhu\Desktop\egg-learn\node_modules\koa-compose\index.js:45:18)
    at C:\Users\robin.zhu\Desktop\egg-learn\node_modules\@eggjs\router\lib\router.js:190:18
    at dispatch (C:\Users\robin.zhu\Desktop\egg-learn\node_modules\koa-compose\index.js:44:32)

pid: 38148
hostname: SZ-DTC-0967

2019-09-29 10:12:23,174 ERROR 50308 [-/127.0.0.1/-/6ms GET /] nodejs.TypeError: Cannot read property 'query' of undefined
    at NewsService.list (C:\Users\robin.zhu\Desktop\egg-learn\app\service\news.ts:22:39)
    at HomeController.index (C:\Users\robin.zhu\Desktop\egg-learn\app\controller\home.ts:8:42)
    at Object.callFn (C:\Users\robin.zhu\Desktop\egg-learn\node_modules\egg-core\lib\utils\index.js:44:21)
    at Object.classControllerMiddleware (C:\Users\robin.zhu\Desktop\egg-learn\node_modules\egg-core\lib\loader\mixin\controller.js:87:20)
    at Object.callFn (C:\Users\robin.zhu\Desktop\egg-learn\node_modules\@eggjs\router\lib\utils.js:12:21)
    at wrappedController (C:\Users\robin.zhu\Desktop\egg-learn\node_modules\@eggjs\router\lib\egg_router.js:322:18)
    at dispatch (C:\Users\robin.zhu\Desktop\egg-learn\node_modules\koa-compose\index.js:44:32)
    at next (C:\Users\robin.zhu\Desktop\egg-learn\node_modules\koa-compose\index.js:45:18)
    at C:\Users\robin.zhu\Desktop\egg-learn\node_modules\@eggjs\router\lib\router.js:190:18
    at dispatch (C:\Users\robin.zhu\Desktop\egg-learn\node_modules\koa-compose\index.js:44:32)

pid: 50308
hostname: SZ-DTC-0967

2019-09-29 10:12:54,663 ERROR 6704 [-/127.0.0.1/-/6ms GET /] nodejs.TypeError: Cannot read property 'query' of undefined
    at NewsService.list (C:\Users\robin.zhu\Desktop\egg-learn\app\service\news.ts:22:39)
    at HomeController.index (C:\Users\robin.zhu\Desktop\egg-learn\app\controller\home.ts:8:42)
    at Object.callFn (C:\Users\robin.zhu\Desktop\egg-learn\node_modules\egg-core\lib\utils\index.js:44:21)
    at Object.classControllerMiddleware (C:\Users\robin.zhu\Desktop\egg-learn\node_modules\egg-core\lib\loader\mixin\controller.js:87:20)
    at Object.callFn (C:\Users\robin.zhu\Desktop\egg-learn\node_modules\@eggjs\router\lib\utils.js:12:21)
    at wrappedController (C:\Users\robin.zhu\Desktop\egg-learn\node_modules\@eggjs\router\lib\egg_router.js:322:18)
    at dispatch (C:\Users\robin.zhu\Desktop\egg-learn\node_modules\koa-compose\index.js:44:32)
    at next (C:\Users\robin.zhu\Desktop\egg-learn\node_modules\koa-compose\index.js:45:18)
    at C:\Users\robin.zhu\Desktop\egg-learn\node_modules\@eggjs\router\lib\router.js:190:18
    at dispatch (C:\Users\robin.zhu\Desktop\egg-learn\node_modules\koa-compose\index.js:44:32)

pid: 6704
hostname: SZ-DTC-0967

2019-09-29 10:14:14,242 ERROR 72068 [-/127.0.0.1/-/6ms GET /] nodejs.TypeError: Cannot read property 'query' of undefined
    at NewsService.list (C:\Users\robin.zhu\Desktop\egg-learn\app\service\news.ts:22:39)
    at HomeController.index (C:\Users\robin.zhu\Desktop\egg-learn\app\controller\home.ts:8:42)
    at Object.callFn (C:\Users\robin.zhu\Desktop\egg-learn\node_modules\egg-core\lib\utils\index.js:44:21)
    at Object.classControllerMiddleware (C:\Users\robin.zhu\Desktop\egg-learn\node_modules\egg-core\lib\loader\mixin\controller.js:87:20)
    at Object.callFn (C:\Users\robin.zhu\Desktop\egg-learn\node_modules\@eggjs\router\lib\utils.js:12:21)
    at wrappedController (C:\Users\robin.zhu\Desktop\egg-learn\node_modules\@eggjs\router\lib\egg_router.js:322:18)
    at dispatch (C:\Users\robin.zhu\Desktop\egg-learn\node_modules\koa-compose\index.js:44:32)
    at next (C:\Users\robin.zhu\Desktop\egg-learn\node_modules\koa-compose\index.js:45:18)
    at C:\Users\robin.zhu\Desktop\egg-learn\node_modules\@eggjs\router\lib\router.js:190:18
    at dispatch (C:\Users\robin.zhu\Desktop\egg-learn\node_modules\koa-compose\index.js:44:32)

pid: 72068
hostname: SZ-DTC-0967

2019-09-29 12:17:43,059 ERROR 36932 nodejs.ClusterClientNoResponseError: client no response in 197004ms exceeding maxIdleTime 60000ms, maybe the connection is close on other side.
    at Timeout._onTimeout (C:\Users\robin.zhu\Desktop\egg-learn\node_modules\cluster-client\lib\leader.js:77:23)
    at listOnTimeout (internal/timers.js:531:17)
    at processTimers (internal/timers.js:475:7)
name: "ClusterClientNoResponseError"
pid: 36932
hostname: SZ-DTC-0967

2019-09-29 15:30:07,310 ERROR 33508 [-/127.0.0.1/-/16ms GET /theIndex] nodejs.AssertionError: status code must be a number
    at Object.set status [as status] (C:\Users\robin.zhu\Desktop\egg-learn\node_modules\koa\lib\response.js:86:5)
    at Object.status (C:\Users\robin.zhu\Desktop\egg-learn\node_modules\delegates\index.js:92:31)
    at Object.<anonymous> (C:\Users\robin.zhu\Desktop\egg-learn\node_modules\@eggjs\router\lib\router.js:364:18)
    at Object.callFn (C:\Users\robin.zhu\Desktop\egg-learn\node_modules\@eggjs\router\lib\utils.js:12:21)
    at wrappedController (C:\Users\robin.zhu\Desktop\egg-learn\node_modules\@eggjs\router\lib\egg_router.js:322:18)
    at dispatch (C:\Users\robin.zhu\Desktop\egg-learn\node_modules\koa-compose\index.js:44:32)
    at next (C:\Users\robin.zhu\Desktop\egg-learn\node_modules\koa-compose\index.js:45:18)
    at C:\Users\robin.zhu\Desktop\egg-learn\node_modules\@eggjs\router\lib\router.js:190:18
    at dispatch (C:\Users\robin.zhu\Desktop\egg-learn\node_modules\koa-compose\index.js:44:32)
    at C:\Users\robin.zhu\Desktop\egg-learn\node_modules\koa-compose\index.js:36:12
generatedMessage: false
code: "ERR_ASSERTION"
actual: false
expected: true
operator: "=="
pid: 33508
hostname: SZ-DTC-0967

2019-09-29 17:17:00,639 ERROR 73112 [-/127.0.0.1/-/5ms GET /postBase] nodejs.TypeError: Cannot set property user of #<BaseController> which has only a getter
    at new PostBaseController (C:\Users\robin.zhu\Desktop\egg-learn\app\controller\postBase.ts:5:16)
    at Object.classControllerMiddleware (C:\Users\robin.zhu\Desktop\egg-learn\node_modules\egg-core\lib\loader\mixin\controller.js:83:26)
    at Object.callFn (C:\Users\robin.zhu\Desktop\egg-learn\node_modules\@eggjs\router\lib\utils.js:12:21)
    at wrappedController (C:\Users\robin.zhu\Desktop\egg-learn\node_modules\@eggjs\router\lib\egg_router.js:322:18)
    at dispatch (C:\Users\robin.zhu\Desktop\egg-learn\node_modules\koa-compose\index.js:44:32)
    at next (C:\Users\robin.zhu\Desktop\egg-learn\node_modules\koa-compose\index.js:45:18)
    at C:\Users\robin.zhu\Desktop\egg-learn\node_modules\@eggjs\router\lib\router.js:190:18
    at dispatch (C:\Users\robin.zhu\Desktop\egg-learn\node_modules\koa-compose\index.js:44:32)
    at C:\Users\robin.zhu\Desktop\egg-learn\node_modules\koa-compose\index.js:36:12
    at dispatch (C:\Users\robin.zhu\Desktop\egg-learn\node_modules\@eggjs\router\lib\router.js:195:33)

pid: 73112
hostname: SZ-DTC-0967

2019-09-29 17:17:26,605 ERROR 78660 [-/127.0.0.1/-/6ms GET /postBase] nodejs.TypeError: Cannot set property user of #<BaseController> which has only a getter
    at new PostBaseController (C:\Users\robin.zhu\Desktop\egg-learn\app\controller\postBase.ts:5:16)
    at Object.classControllerMiddleware (C:\Users\robin.zhu\Desktop\egg-learn\node_modules\egg-core\lib\loader\mixin\controller.js:83:26)
    at Object.callFn (C:\Users\robin.zhu\Desktop\egg-learn\node_modules\@eggjs\router\lib\utils.js:12:21)
    at wrappedController (C:\Users\robin.zhu\Desktop\egg-learn\node_modules\@eggjs\router\lib\egg_router.js:322:18)
    at dispatch (C:\Users\robin.zhu\Desktop\egg-learn\node_modules\koa-compose\index.js:44:32)
    at next (C:\Users\robin.zhu\Desktop\egg-learn\node_modules\koa-compose\index.js:45:18)
    at C:\Users\robin.zhu\Desktop\egg-learn\node_modules\@eggjs\router\lib\router.js:190:18
    at dispatch (C:\Users\robin.zhu\Desktop\egg-learn\node_modules\koa-compose\index.js:44:32)
    at C:\Users\robin.zhu\Desktop\egg-learn\node_modules\koa-compose\index.js:36:12
    at dispatch (C:\Users\robin.zhu\Desktop\egg-learn\node_modules\@eggjs\router\lib\router.js:195:33)

pid: 78660
hostname: SZ-DTC-0967

2019-09-29 17:17:27,848 ERROR 78660 [-/127.0.0.1/-/0ms GET /postBase] nodejs.TypeError: Cannot set property user of #<BaseController> which has only a getter
    at new PostBaseController (C:\Users\robin.zhu\Desktop\egg-learn\app\controller\postBase.ts:5:16)
    at Object.classControllerMiddleware (C:\Users\robin.zhu\Desktop\egg-learn\node_modules\egg-core\lib\loader\mixin\controller.js:83:26)
    at Object.callFn (C:\Users\robin.zhu\Desktop\egg-learn\node_modules\@eggjs\router\lib\utils.js:12:21)
    at wrappedController (C:\Users\robin.zhu\Desktop\egg-learn\node_modules\@eggjs\router\lib\egg_router.js:322:18)
    at dispatch (C:\Users\robin.zhu\Desktop\egg-learn\node_modules\koa-compose\index.js:44:32)
    at next (C:\Users\robin.zhu\Desktop\egg-learn\node_modules\koa-compose\index.js:45:18)
    at C:\Users\robin.zhu\Desktop\egg-learn\node_modules\@eggjs\router\lib\router.js:190:18
    at dispatch (C:\Users\robin.zhu\Desktop\egg-learn\node_modules\koa-compose\index.js:44:32)
    at C:\Users\robin.zhu\Desktop\egg-learn\node_modules\koa-compose\index.js:36:12
    at dispatch (C:\Users\robin.zhu\Desktop\egg-learn\node_modules\@eggjs\router\lib\router.js:195:33)

pid: 78660
hostname: SZ-DTC-0967

2019-09-29 17:20:32,857 ERROR 27124 [-/127.0.0.1/-/6ms GET /postBase] nodejs.TypeError: this.service.listByUser is not a function
    at PostBaseController.list (C:\Users\robin.zhu\Desktop\egg-learn\app\controller\postBase.ts:10:42)
    at Object.callFn (C:\Users\robin.zhu\Desktop\egg-learn\node_modules\egg-core\lib\utils\index.js:44:21)
    at Object.classControllerMiddleware (C:\Users\robin.zhu\Desktop\egg-learn\node_modules\egg-core\lib\loader\mixin\controller.js:87:20)
    at Object.callFn (C:\Users\robin.zhu\Desktop\egg-learn\node_modules\@eggjs\router\lib\utils.js:12:21)
    at wrappedController (C:\Users\robin.zhu\Desktop\egg-learn\node_modules\@eggjs\router\lib\egg_router.js:322:18)
    at dispatch (C:\Users\robin.zhu\Desktop\egg-learn\node_modules\koa-compose\index.js:44:32)
    at next (C:\Users\robin.zhu\Desktop\egg-learn\node_modules\koa-compose\index.js:45:18)
    at C:\Users\robin.zhu\Desktop\egg-learn\node_modules\@eggjs\router\lib\router.js:190:18
    at dispatch (C:\Users\robin.zhu\Desktop\egg-learn\node_modules\koa-compose\index.js:44:32)
    at C:\Users\robin.zhu\Desktop\egg-learn\node_modules\koa-compose\index.js:36:12

pid: 27124
hostname: SZ-DTC-0967

2019-09-29 17:20:34,127 ERROR 27124 [-/127.0.0.1/-/1ms GET /postBase] nodejs.TypeError: this.service.listByUser is not a function
    at PostBaseController.list (C:\Users\robin.zhu\Desktop\egg-learn\app\controller\postBase.ts:10:42)
    at Object.callFn (C:\Users\robin.zhu\Desktop\egg-learn\node_modules\egg-core\lib\utils\index.js:44:21)
    at Object.classControllerMiddleware (C:\Users\robin.zhu\Desktop\egg-learn\node_modules\egg-core\lib\loader\mixin\controller.js:87:20)
    at Object.callFn (C:\Users\robin.zhu\Desktop\egg-learn\node_modules\@eggjs\router\lib\utils.js:12:21)
    at wrappedController (C:\Users\robin.zhu\Desktop\egg-learn\node_modules\@eggjs\router\lib\egg_router.js:322:18)
    at dispatch (C:\Users\robin.zhu\Desktop\egg-learn\node_modules\koa-compose\index.js:44:32)
    at next (C:\Users\robin.zhu\Desktop\egg-learn\node_modules\koa-compose\index.js:45:18)
    at C:\Users\robin.zhu\Desktop\egg-learn\node_modules\@eggjs\router\lib\router.js:190:18
    at dispatch (C:\Users\robin.zhu\Desktop\egg-learn\node_modules\koa-compose\index.js:44:32)
    at C:\Users\robin.zhu\Desktop\egg-learn\node_modules\koa-compose\index.js:36:12

pid: 27124
hostname: SZ-DTC-0967

2019-09-29 17:22:50,295 ERROR 45840 [-/127.0.0.1/-/5ms GET /postBase] nodejs.TypeError: this.service.listByUser is not a function
    at PostBaseController.list (C:\Users\robin.zhu\Desktop\egg-learn\app\controller\postBase.ts:5:42)
    at Object.callFn (C:\Users\robin.zhu\Desktop\egg-learn\node_modules\egg-core\lib\utils\index.js:44:21)
    at Object.classControllerMiddleware (C:\Users\robin.zhu\Desktop\egg-learn\node_modules\egg-core\lib\loader\mixin\controller.js:87:20)
    at Object.callFn (C:\Users\robin.zhu\Desktop\egg-learn\node_modules\@eggjs\router\lib\utils.js:12:21)
    at wrappedController (C:\Users\robin.zhu\Desktop\egg-learn\node_modules\@eggjs\router\lib\egg_router.js:322:18)
    at dispatch (C:\Users\robin.zhu\Desktop\egg-learn\node_modules\koa-compose\index.js:44:32)
    at next (C:\Users\robin.zhu\Desktop\egg-learn\node_modules\koa-compose\index.js:45:18)
    at C:\Users\robin.zhu\Desktop\egg-learn\node_modules\@eggjs\router\lib\router.js:190:18
    at dispatch (C:\Users\robin.zhu\Desktop\egg-learn\node_modules\koa-compose\index.js:44:32)
    at C:\Users\robin.zhu\Desktop\egg-learn\node_modules\koa-compose\index.js:36:12

pid: 45840
hostname: SZ-DTC-0967

2019-10-02 10:34:45,724 ERROR 1049 [-/127.0.0.1/-/0ms GET /] nodejs.ENOTFOUNDError: getaddrinfo ENOTFOUND http://127.0.0.1 http://127.0.0.1:3306 (http://127.0.0.1)
    at GetAddrInfoReqWrap.onlookup [as oncomplete] (dns.js:56:26)
    --------------------
    at Protocol._enqueue (/Users/zhudapeng/Desktop/egg-learn/node_modules/_mysql@2.17.1@mysql/lib/protocol/Protocol.js:144:48)
    at Protocol.handshake (/Users/zhudapeng/Desktop/egg-learn/node_modules/_mysql@2.17.1@mysql/lib/protocol/Protocol.js:51:23)
    at PoolConnection.connect (/Users/zhudapeng/Desktop/egg-learn/node_modules/_mysql@2.17.1@mysql/lib/Connection.js:119:18)
    at Pool.getConnection (/Users/zhudapeng/Desktop/egg-learn/node_modules/_mysql@2.17.1@mysql/lib/Pool.js:48:16)
    at /Users/zhudapeng/Desktop/egg-learn/node_modules/_pify@2.3.0@pify/index.js:29:7
    at new Promise (<anonymous>)
    at Pool.<anonymous> (/Users/zhudapeng/Desktop/egg-learn/node_modules/_pify@2.3.0@pify/index.js:12:10)
    at Pool.ret [as getConnection] (/Users/zhudapeng/Desktop/egg-learn/node_modules/_pify@2.3.0@pify/index.js:56:34)
    at Pool.query (/Users/zhudapeng/Desktop/egg-learn/node_modules/_mysql@2.17.1@mysql/lib/Pool.js:202:8)
    at /Users/zhudapeng/Desktop/egg-learn/node_modules/_pify@2.3.0@pify/index.js:29:7
    sql: select now() as currentTime;
errno: "ENOTFOUND"
code: "ENOTFOUND"
syscall: "getaddrinfo"
hostname: "http://127.0.0.1"
host: "http://127.0.0.1"
port: "3306"
fatal: true
name: "ENOTFOUNDError"
pid: 1049
hostname: zhudapengdeMacBook-Pro.local

2019-10-02 14:26:07,837 ERROR 1109 [-/127.0.0.1/-/1ms GET /] nodejs.ENOTFOUNDError: getaddrinfo ENOTFOUND http://127.0.0.1 http://127.0.0.1:3306 (http://127.0.0.1)
    at GetAddrInfoReqWrap.onlookup [as oncomplete] (dns.js:56:26)
    --------------------
    at Protocol._enqueue (/Users/zhudapeng/Desktop/egg-learn/node_modules/_mysql@2.17.1@mysql/lib/protocol/Protocol.js:144:48)
    at Protocol.handshake (/Users/zhudapeng/Desktop/egg-learn/node_modules/_mysql@2.17.1@mysql/lib/protocol/Protocol.js:51:23)
    at PoolConnection.connect (/Users/zhudapeng/Desktop/egg-learn/node_modules/_mysql@2.17.1@mysql/lib/Connection.js:119:18)
    at Pool.getConnection (/Users/zhudapeng/Desktop/egg-learn/node_modules/_mysql@2.17.1@mysql/lib/Pool.js:48:16)
    at /Users/zhudapeng/Desktop/egg-learn/node_modules/_pify@2.3.0@pify/index.js:29:7
    at new Promise (<anonymous>)
    at Pool.<anonymous> (/Users/zhudapeng/Desktop/egg-learn/node_modules/_pify@2.3.0@pify/index.js:12:10)
    at Pool.ret [as getConnection] (/Users/zhudapeng/Desktop/egg-learn/node_modules/_pify@2.3.0@pify/index.js:56:34)
    at Pool.query (/Users/zhudapeng/Desktop/egg-learn/node_modules/_mysql@2.17.1@mysql/lib/Pool.js:202:8)
    at /Users/zhudapeng/Desktop/egg-learn/node_modules/_pify@2.3.0@pify/index.js:29:7
    sql: select now() as currentTime;
errno: "ENOTFOUND"
code: "ENOTFOUND"
syscall: "getaddrinfo"
hostname: "http://127.0.0.1"
host: "http://127.0.0.1"
port: "3306"
fatal: true
name: "ENOTFOUNDError"
pid: 1109
hostname: zhudapengdeMacBook-Pro.local

2019-10-02 14:43:58,548 ERROR 1238 nodejs.SequelizeConnectionError: Client does not support authentication protocol requested by server; consider upgrading MySQL client
    at Promise.tap.then.catch.err (/Users/zhudapeng/Desktop/egg-learn/node_modules/sequelize/lib/dialects/mysql/connection-manager.js:133:19)
From previous event:
    at ConnectionManager.connect (/Users/zhudapeng/Desktop/egg-learn/node_modules/sequelize/lib/dialects/mysql/connection-manager.js:120:13)
    at sequelize.runHooks.then (/Users/zhudapeng/Desktop/egg-learn/node_modules/sequelize/lib/dialects/abstract/connection-manager.js:311:50)
    at runCallback (timers.js:705:18)
    at tryOnImmediate (timers.js:676:5)
    at processImmediate (timers.js:658:5)
From previous event:
    at ConnectionManager._connect (/Users/zhudapeng/Desktop/egg-learn/node_modules/sequelize/lib/dialects/abstract/connection-manager.js:311:8)
    at ConnectionManager.getConnection (/Users/zhudapeng/Desktop/egg-learn/node_modules/sequelize/lib/dialects/abstract/connection-manager.js:247:46)
    at Promise.try (/Users/zhudapeng/Desktop/egg-learn/node_modules/sequelize/lib/sequelize.js:640:36)
From previous event:
    at Promise.resolve.retry (/Users/zhudapeng/Desktop/egg-learn/node_modules/sequelize/lib/sequelize.js:631:53)
    at /Users/zhudapeng/Desktop/egg-learn/node_modules/retry-as-promised/index.js:70:21
    at new Promise (<anonymous>)
    at retryAsPromised (/Users/zhudapeng/Desktop/egg-learn/node_modules/retry-as-promised/index.js:60:10)
    at Promise.try (/Users/zhudapeng/Desktop/egg-learn/node_modules/sequelize/lib/sequelize.js:631:30)
From previous event:
    at Sequelize.query (/Users/zhudapeng/Desktop/egg-learn/node_modules/sequelize/lib/sequelize.js:580:23)
    at Sequelize.authenticate (/Users/zhudapeng/Desktop/egg-learn/node_modules/sequelize/lib/sequelize.js:892:17)
    at authenticate (/Users/zhudapeng/Desktop/egg-learn/node_modules/egg-sequelize/lib/loader.js:134:22)
    at Promise.all.databases.map.database (/Users/zhudapeng/Desktop/egg-learn/node_modules/egg-sequelize/lib/loader.js:40:49)
    at Array.map (<anonymous>)
    at app.beforeStart (/Users/zhudapeng/Desktop/egg-learn/node_modules/egg-sequelize/lib/loader.js:40:33)
    at Object.callFn (/Users/zhudapeng/Desktop/egg-learn/node_modules/egg-core/lib/utils/index.js:44:42)
    at process.nextTick (/Users/zhudapeng/Desktop/egg-learn/node_modules/egg-core/lib/lifecycle.js:262:13)
    at process._tickCallback (internal/process/next_tick.js:61:11)
    at Function.Module.runMain (internal/modules/cjs/loader.js:757:11)
    at startup (internal/bootstrap/node.js:283:19)
    at bootstrapNodeJSCore (internal/bootstrap/node.js:622:3)
name: "SequelizeConnectionError"
parent: {"code":"ER_NOT_SUPPORTED_AUTH_MODE","errno":1251,"sqlState":"08004","sqlMessage":"Client does not support authentication protocol requested by server; consider upgrading MySQL client"}
original: {"code":"ER_NOT_SUPPORTED_AUTH_MODE","errno":1251,"sqlState":"08004","sqlMessage":"Client does not support authentication protocol requested by server; consider upgrading MySQL client"}
pid: 1238
hostname: zhudapengdeMacBook-Pro.local

2019-10-02 14:45:07,908 ERROR 1247 nodejs.SequelizeConnectionError: Client does not support authentication protocol requested by server; consider upgrading MySQL client
    at Promise.tap.then.catch.err (/Users/zhudapeng/Desktop/egg-learn/node_modules/sequelize/lib/dialects/mysql/connection-manager.js:133:19)
From previous event:
    at ConnectionManager.connect (/Users/zhudapeng/Desktop/egg-learn/node_modules/sequelize/lib/dialects/mysql/connection-manager.js:120:13)
    at sequelize.runHooks.then (/Users/zhudapeng/Desktop/egg-learn/node_modules/sequelize/lib/dialects/abstract/connection-manager.js:311:50)
    at runCallback (timers.js:705:18)
    at tryOnImmediate (timers.js:676:5)
    at processImmediate (timers.js:658:5)
From previous event:
    at ConnectionManager._connect (/Users/zhudapeng/Desktop/egg-learn/node_modules/sequelize/lib/dialects/abstract/connection-manager.js:311:8)
    at ConnectionManager.getConnection (/Users/zhudapeng/Desktop/egg-learn/node_modules/sequelize/lib/dialects/abstract/connection-manager.js:247:46)
    at Promise.try (/Users/zhudapeng/Desktop/egg-learn/node_modules/sequelize/lib/sequelize.js:640:36)
From previous event:
    at Promise.resolve.retry (/Users/zhudapeng/Desktop/egg-learn/node_modules/sequelize/lib/sequelize.js:631:53)
    at /Users/zhudapeng/Desktop/egg-learn/node_modules/retry-as-promised/index.js:70:21
    at new Promise (<anonymous>)
    at retryAsPromised (/Users/zhudapeng/Desktop/egg-learn/node_modules/retry-as-promised/index.js:60:10)
    at Promise.try (/Users/zhudapeng/Desktop/egg-learn/node_modules/sequelize/lib/sequelize.js:631:30)
From previous event:
    at Sequelize.query (/Users/zhudapeng/Desktop/egg-learn/node_modules/sequelize/lib/sequelize.js:580:23)
    at Sequelize.authenticate (/Users/zhudapeng/Desktop/egg-learn/node_modules/sequelize/lib/sequelize.js:892:17)
    at authenticate (/Users/zhudapeng/Desktop/egg-learn/node_modules/egg-sequelize/lib/loader.js:134:22)
    at Promise.all.databases.map.database (/Users/zhudapeng/Desktop/egg-learn/node_modules/egg-sequelize/lib/loader.js:40:49)
    at Array.map (<anonymous>)
    at app.beforeStart (/Users/zhudapeng/Desktop/egg-learn/node_modules/egg-sequelize/lib/loader.js:40:33)
    at Object.callFn (/Users/zhudapeng/Desktop/egg-learn/node_modules/egg-core/lib/utils/index.js:44:42)
    at process.nextTick (/Users/zhudapeng/Desktop/egg-learn/node_modules/egg-core/lib/lifecycle.js:262:13)
    at process._tickCallback (internal/process/next_tick.js:61:11)
    at Function.Module.runMain (internal/modules/cjs/loader.js:757:11)
    at startup (internal/bootstrap/node.js:283:19)
    at bootstrapNodeJSCore (internal/bootstrap/node.js:622:3)
name: "SequelizeConnectionError"
parent: {"code":"ER_NOT_SUPPORTED_AUTH_MODE","errno":1251,"sqlState":"08004","sqlMessage":"Client does not support authentication protocol requested by server; consider upgrading MySQL client"}
original: {"code":"ER_NOT_SUPPORTED_AUTH_MODE","errno":1251,"sqlState":"08004","sqlMessage":"Client does not support authentication protocol requested by server; consider upgrading MySQL client"}
pid: 1247
hostname: zhudapengdeMacBook-Pro.local

2019-10-02 14:50:16,890 ERROR 1287 nodejs.SequelizeConnectionError: Client does not support authentication protocol requested by server; consider upgrading MySQL client
    at Promise.tap.then.catch.err (/Users/zhudapeng/Desktop/egg-learn/node_modules/sequelize/lib/dialects/mysql/connection-manager.js:133:19)
From previous event:
    at ConnectionManager.connect (/Users/zhudapeng/Desktop/egg-learn/node_modules/sequelize/lib/dialects/mysql/connection-manager.js:120:13)
    at sequelize.runHooks.then (/Users/zhudapeng/Desktop/egg-learn/node_modules/sequelize/lib/dialects/abstract/connection-manager.js:311:50)
    at runCallback (timers.js:705:18)
    at tryOnImmediate (timers.js:676:5)
    at processImmediate (timers.js:658:5)
From previous event:
    at ConnectionManager._connect (/Users/zhudapeng/Desktop/egg-learn/node_modules/sequelize/lib/dialects/abstract/connection-manager.js:311:8)
    at ConnectionManager.getConnection (/Users/zhudapeng/Desktop/egg-learn/node_modules/sequelize/lib/dialects/abstract/connection-manager.js:247:46)
    at Promise.try (/Users/zhudapeng/Desktop/egg-learn/node_modules/sequelize/lib/sequelize.js:640:36)
From previous event:
    at Promise.resolve.retry (/Users/zhudapeng/Desktop/egg-learn/node_modules/sequelize/lib/sequelize.js:631:53)
    at /Users/zhudapeng/Desktop/egg-learn/node_modules/retry-as-promised/index.js:70:21
    at new Promise (<anonymous>)
    at retryAsPromised (/Users/zhudapeng/Desktop/egg-learn/node_modules/retry-as-promised/index.js:60:10)
    at Promise.try (/Users/zhudapeng/Desktop/egg-learn/node_modules/sequelize/lib/sequelize.js:631:30)
From previous event:
    at Sequelize.query (/Users/zhudapeng/Desktop/egg-learn/node_modules/sequelize/lib/sequelize.js:580:23)
    at Sequelize.authenticate (/Users/zhudapeng/Desktop/egg-learn/node_modules/sequelize/lib/sequelize.js:892:17)
    at authenticate (/Users/zhudapeng/Desktop/egg-learn/node_modules/egg-sequelize/lib/loader.js:134:22)
    at Promise.all.databases.map.database (/Users/zhudapeng/Desktop/egg-learn/node_modules/egg-sequelize/lib/loader.js:40:49)
    at Array.map (<anonymous>)
    at app.beforeStart (/Users/zhudapeng/Desktop/egg-learn/node_modules/egg-sequelize/lib/loader.js:40:33)
    at Object.callFn (/Users/zhudapeng/Desktop/egg-learn/node_modules/egg-core/lib/utils/index.js:44:42)
    at process.nextTick (/Users/zhudapeng/Desktop/egg-learn/node_modules/egg-core/lib/lifecycle.js:262:13)
    at process._tickCallback (internal/process/next_tick.js:61:11)
    at Function.Module.runMain (internal/modules/cjs/loader.js:757:11)
    at startup (internal/bootstrap/node.js:283:19)
    at bootstrapNodeJSCore (internal/bootstrap/node.js:622:3)
name: "SequelizeConnectionError"
parent: {"code":"ER_NOT_SUPPORTED_AUTH_MODE","errno":1251,"sqlState":"08004","sqlMessage":"Client does not support authentication protocol requested by server; consider upgrading MySQL client"}
original: {"code":"ER_NOT_SUPPORTED_AUTH_MODE","errno":1251,"sqlState":"08004","sqlMessage":"Client does not support authentication protocol requested by server; consider upgrading MySQL client"}
pid: 1287
hostname: zhudapengdeMacBook-Pro.local

2019-10-02 14:50:26,968 ERROR 1293 nodejs.SequelizeConnectionError: Client does not support authentication protocol requested by server; consider upgrading MySQL client
    at Promise.tap.then.catch.err (/Users/zhudapeng/Desktop/egg-learn/node_modules/sequelize/lib/dialects/mysql/connection-manager.js:133:19)
From previous event:
    at ConnectionManager.connect (/Users/zhudapeng/Desktop/egg-learn/node_modules/sequelize/lib/dialects/mysql/connection-manager.js:120:13)
    at sequelize.runHooks.then (/Users/zhudapeng/Desktop/egg-learn/node_modules/sequelize/lib/dialects/abstract/connection-manager.js:311:50)
    at runCallback (timers.js:705:18)
    at tryOnImmediate (timers.js:676:5)
    at processImmediate (timers.js:658:5)
From previous event:
    at ConnectionManager._connect (/Users/zhudapeng/Desktop/egg-learn/node_modules/sequelize/lib/dialects/abstract/connection-manager.js:311:8)
    at ConnectionManager.getConnection (/Users/zhudapeng/Desktop/egg-learn/node_modules/sequelize/lib/dialects/abstract/connection-manager.js:247:46)
    at Promise.try (/Users/zhudapeng/Desktop/egg-learn/node_modules/sequelize/lib/sequelize.js:640:36)
From previous event:
    at Promise.resolve.retry (/Users/zhudapeng/Desktop/egg-learn/node_modules/sequelize/lib/sequelize.js:631:53)
    at /Users/zhudapeng/Desktop/egg-learn/node_modules/retry-as-promised/index.js:70:21
    at new Promise (<anonymous>)
    at retryAsPromised (/Users/zhudapeng/Desktop/egg-learn/node_modules/retry-as-promised/index.js:60:10)
    at Promise.try (/Users/zhudapeng/Desktop/egg-learn/node_modules/sequelize/lib/sequelize.js:631:30)
From previous event:
    at Sequelize.query (/Users/zhudapeng/Desktop/egg-learn/node_modules/sequelize/lib/sequelize.js:580:23)
    at Sequelize.authenticate (/Users/zhudapeng/Desktop/egg-learn/node_modules/sequelize/lib/sequelize.js:892:17)
    at authenticate (/Users/zhudapeng/Desktop/egg-learn/node_modules/egg-sequelize/lib/loader.js:134:22)
    at Promise.all.databases.map.database (/Users/zhudapeng/Desktop/egg-learn/node_modules/egg-sequelize/lib/loader.js:40:49)
    at Array.map (<anonymous>)
    at app.beforeStart (/Users/zhudapeng/Desktop/egg-learn/node_modules/egg-sequelize/lib/loader.js:40:33)
    at Object.callFn (/Users/zhudapeng/Desktop/egg-learn/node_modules/egg-core/lib/utils/index.js:44:42)
    at process.nextTick (/Users/zhudapeng/Desktop/egg-learn/node_modules/egg-core/lib/lifecycle.js:262:13)
    at process._tickCallback (internal/process/next_tick.js:61:11)
    at Function.Module.runMain (internal/modules/cjs/loader.js:757:11)
    at startup (internal/bootstrap/node.js:283:19)
    at bootstrapNodeJSCore (internal/bootstrap/node.js:622:3)
name: "SequelizeConnectionError"
parent: {"code":"ER_NOT_SUPPORTED_AUTH_MODE","errno":1251,"sqlState":"08004","sqlMessage":"Client does not support authentication protocol requested by server; consider upgrading MySQL client"}
original: {"code":"ER_NOT_SUPPORTED_AUTH_MODE","errno":1251,"sqlState":"08004","sqlMessage":"Client does not support authentication protocol requested by server; consider upgrading MySQL client"}
pid: 1293
hostname: zhudapengdeMacBook-Pro.local

2019-10-02 15:01:42,268 ERROR 1341 [-/127.0.0.1/-/4ms GET /tester] nodejs.TypeError: Cannot read property 'query' of undefined
    at Tester.index (/Users/zhudapeng/Desktop/egg-learn/app/controller/tester.ts:6:35)
    at Object.callFn (/Users/zhudapeng/Desktop/egg-learn/node_modules/egg-core/lib/utils/index.js:44:21)
    at Object.classControllerMiddleware (/Users/zhudapeng/Desktop/egg-learn/node_modules/egg-core/lib/loader/mixin/controller.js:87:20)
    at Object.callFn (/Users/zhudapeng/Desktop/egg-learn/node_modules/@eggjs/router/lib/utils.js:12:21)
    at wrappedController (/Users/zhudapeng/Desktop/egg-learn/node_modules/@eggjs/router/lib/egg_router.js:322:18)
    at dispatch (/Users/zhudapeng/Desktop/egg-learn/node_modules/koa-compose/index.js:44:32)
    at next (/Users/zhudapeng/Desktop/egg-learn/node_modules/koa-compose/index.js:45:18)
    at /Users/zhudapeng/Desktop/egg-learn/node_modules/@eggjs/router/lib/router.js:190:18
    at dispatch (/Users/zhudapeng/Desktop/egg-learn/node_modules/koa-compose/index.js:44:32)
    at /Users/zhudapeng/Desktop/egg-learn/node_modules/koa-compose/index.js:36:12
    at dispatch (/Users/zhudapeng/Desktop/egg-learn/node_modules/@eggjs/router/lib/router.js:195:33)
    at dispatch (/Users/zhudapeng/Desktop/egg-learn/node_modules/koa/node_modules/koa-compose/index.js:42:32)
    at /Users/zhudapeng/Desktop/egg-learn/node_modules/egg-development/app/middleware/egg_loader_trace.js:9:56
    at dispatch (/Users/zhudapeng/Desktop/egg-learn/node_modules/koa/node_modules/koa-compose/index.js:42:32)
    at i18n (/Users/zhudapeng/Desktop/egg-learn/node_modules/egg-i18n/app/middleware/i18n.js:13:12)
    at dispatch (/Users/zhudapeng/Desktop/egg-learn/node_modules/koa/node_modules/koa-compose/index.js:42:32)
    at dispatch (/Users/zhudapeng/Desktop/egg-learn/node_modules/egg-security/node_modules/koa-compose/index.js:42:32)
    at dta (/Users/zhudapeng/Desktop/egg-learn/node_modules/egg-security/lib/middlewares/dta.js:12:12)
    at dispatch (/Users/zhudapeng/Desktop/egg-learn/node_modules/egg-security/node_modules/koa-compose/index.js:42:32)
    at xframe (/Users/zhudapeng/Desktop/egg-learn/node_modules/egg-security/lib/middlewares/xframe.js:7:11)
    at dispatch (/Users/zhudapeng/Desktop/egg-learn/node_modules/egg-security/node_modules/koa-compose/index.js:42:32)
    at xssProtection (/Users/zhudapeng/Desktop/egg-learn/node_modules/egg-security/lib/middlewares/xssProtection.js:7:11)

pid: 1341
hostname: zhudapengdeMacBook-Pro.local

2019-10-02 15:21:06,122 ERROR 1423 [-/127.0.0.1/-/43ms POST /tester/add] nodejs.TypeError: v1_1.uuid is not a function
    at Tester.add (/Users/zhudapeng/Desktop/egg-learn/app/controller/tester.ts:13:17)
    at Object.callFn (/Users/zhudapeng/Desktop/egg-learn/node_modules/egg-core/lib/utils/index.js:44:21)
    at Object.classControllerMiddleware (/Users/zhudapeng/Desktop/egg-learn/node_modules/egg-core/lib/loader/mixin/controller.js:87:20)
    at Object.callFn (/Users/zhudapeng/Desktop/egg-learn/node_modules/@eggjs/router/lib/utils.js:12:21)
    at wrappedController (/Users/zhudapeng/Desktop/egg-learn/node_modules/@eggjs/router/lib/egg_router.js:322:18)
    at dispatch (/Users/zhudapeng/Desktop/egg-learn/node_modules/koa-compose/index.js:44:32)
    at next (/Users/zhudapeng/Desktop/egg-learn/node_modules/koa-compose/index.js:45:18)
    at /Users/zhudapeng/Desktop/egg-learn/node_modules/@eggjs/router/lib/router.js:190:18
    at dispatch (/Users/zhudapeng/Desktop/egg-learn/node_modules/koa-compose/index.js:44:32)
    at /Users/zhudapeng/Desktop/egg-learn/node_modules/koa-compose/index.js:36:12
    at dispatch (/Users/zhudapeng/Desktop/egg-learn/node_modules/@eggjs/router/lib/router.js:195:33)
    at dispatch (/Users/zhudapeng/Desktop/egg-learn/node_modules/koa/node_modules/koa-compose/index.js:42:32)
    at /Users/zhudapeng/Desktop/egg-learn/node_modules/egg-development/app/middleware/egg_loader_trace.js:9:56
    at dispatch (/Users/zhudapeng/Desktop/egg-learn/node_modules/koa/node_modules/koa-compose/index.js:42:32)
    at i18n (/Users/zhudapeng/Desktop/egg-learn/node_modules/egg-i18n/app/middleware/i18n.js:13:12)
    at dispatch (/Users/zhudapeng/Desktop/egg-learn/node_modules/koa/node_modules/koa-compose/index.js:42:32)
    at dispatch (/Users/zhudapeng/Desktop/egg-learn/node_modules/egg-security/node_modules/koa-compose/index.js:42:32)
    at dta (/Users/zhudapeng/Desktop/egg-learn/node_modules/egg-security/lib/middlewares/dta.js:12:12)
    at dispatch (/Users/zhudapeng/Desktop/egg-learn/node_modules/egg-security/node_modules/koa-compose/index.js:42:32)
    at xframe (/Users/zhudapeng/Desktop/egg-learn/node_modules/egg-security/lib/middlewares/xframe.js:7:11)
    at dispatch (/Users/zhudapeng/Desktop/egg-learn/node_modules/egg-security/node_modules/koa-compose/index.js:42:32)
    at xssProtection (/Users/zhudapeng/Desktop/egg-learn/node_modules/egg-security/lib/middlewares/xssProtection.js:7:11)

pid: 1423
hostname: zhudapengdeMacBook-Pro.local

2019-10-02 15:25:16,070 ERROR 1485 [-/127.0.0.1/-/33ms POST /tester/add] nodejs.TypeError: uuid_1.v1(...).toString.replace is not a function
    at Tester.add (/Users/zhudapeng/Desktop/egg-learn/app/controller/tester.ts:13:31)
    at Object.callFn (/Users/zhudapeng/Desktop/egg-learn/node_modules/egg-core/lib/utils/index.js:44:21)
    at Object.classControllerMiddleware (/Users/zhudapeng/Desktop/egg-learn/node_modules/egg-core/lib/loader/mixin/controller.js:87:20)
    at Object.callFn (/Users/zhudapeng/Desktop/egg-learn/node_modules/@eggjs/router/lib/utils.js:12:21)
    at wrappedController (/Users/zhudapeng/Desktop/egg-learn/node_modules/@eggjs/router/lib/egg_router.js:322:18)
    at dispatch (/Users/zhudapeng/Desktop/egg-learn/node_modules/koa-compose/index.js:44:32)
    at next (/Users/zhudapeng/Desktop/egg-learn/node_modules/koa-compose/index.js:45:18)
    at /Users/zhudapeng/Desktop/egg-learn/node_modules/@eggjs/router/lib/router.js:190:18
    at dispatch (/Users/zhudapeng/Desktop/egg-learn/node_modules/koa-compose/index.js:44:32)
    at /Users/zhudapeng/Desktop/egg-learn/node_modules/koa-compose/index.js:36:12
    at dispatch (/Users/zhudapeng/Desktop/egg-learn/node_modules/@eggjs/router/lib/router.js:195:33)
    at dispatch (/Users/zhudapeng/Desktop/egg-learn/node_modules/koa/node_modules/koa-compose/index.js:42:32)
    at /Users/zhudapeng/Desktop/egg-learn/node_modules/egg-development/app/middleware/egg_loader_trace.js:9:56
    at dispatch (/Users/zhudapeng/Desktop/egg-learn/node_modules/koa/node_modules/koa-compose/index.js:42:32)
    at i18n (/Users/zhudapeng/Desktop/egg-learn/node_modules/egg-i18n/app/middleware/i18n.js:13:12)
    at dispatch (/Users/zhudapeng/Desktop/egg-learn/node_modules/koa/node_modules/koa-compose/index.js:42:32)
    at dispatch (/Users/zhudapeng/Desktop/egg-learn/node_modules/egg-security/node_modules/koa-compose/index.js:42:32)
    at dta (/Users/zhudapeng/Desktop/egg-learn/node_modules/egg-security/lib/middlewares/dta.js:12:12)
    at dispatch (/Users/zhudapeng/Desktop/egg-learn/node_modules/egg-security/node_modules/koa-compose/index.js:42:32)
    at xframe (/Users/zhudapeng/Desktop/egg-learn/node_modules/egg-security/lib/middlewares/xframe.js:7:11)
    at dispatch (/Users/zhudapeng/Desktop/egg-learn/node_modules/egg-security/node_modules/koa-compose/index.js:42:32)
    at xssProtection (/Users/zhudapeng/Desktop/egg-learn/node_modules/egg-security/lib/middlewares/xssProtection.js:7:11)

pid: 1485
hostname: zhudapengdeMacBook-Pro.local

2019-10-02 15:25:57,902 ERROR 1494 [-/127.0.0.1/-/50ms POST /tester/add] nodejs.TypeError: ctx.model.User.save is not a function
    at Tester.add (/Users/zhudapeng/Desktop/egg-learn/app/controller/tester.ts:19:43)
    at Object.callFn (/Users/zhudapeng/Desktop/egg-learn/node_modules/egg-core/lib/utils/index.js:44:21)
    at Object.classControllerMiddleware (/Users/zhudapeng/Desktop/egg-learn/node_modules/egg-core/lib/loader/mixin/controller.js:87:20)
    at Object.callFn (/Users/zhudapeng/Desktop/egg-learn/node_modules/@eggjs/router/lib/utils.js:12:21)
    at wrappedController (/Users/zhudapeng/Desktop/egg-learn/node_modules/@eggjs/router/lib/egg_router.js:322:18)
    at dispatch (/Users/zhudapeng/Desktop/egg-learn/node_modules/koa-compose/index.js:44:32)
    at next (/Users/zhudapeng/Desktop/egg-learn/node_modules/koa-compose/index.js:45:18)
    at /Users/zhudapeng/Desktop/egg-learn/node_modules/@eggjs/router/lib/router.js:190:18
    at dispatch (/Users/zhudapeng/Desktop/egg-learn/node_modules/koa-compose/index.js:44:32)
    at /Users/zhudapeng/Desktop/egg-learn/node_modules/koa-compose/index.js:36:12
    at dispatch (/Users/zhudapeng/Desktop/egg-learn/node_modules/@eggjs/router/lib/router.js:195:33)
    at dispatch (/Users/zhudapeng/Desktop/egg-learn/node_modules/koa/node_modules/koa-compose/index.js:42:32)
    at /Users/zhudapeng/Desktop/egg-learn/node_modules/egg-development/app/middleware/egg_loader_trace.js:9:56
    at dispatch (/Users/zhudapeng/Desktop/egg-learn/node_modules/koa/node_modules/koa-compose/index.js:42:32)
    at i18n (/Users/zhudapeng/Desktop/egg-learn/node_modules/egg-i18n/app/middleware/i18n.js:13:12)
    at dispatch (/Users/zhudapeng/Desktop/egg-learn/node_modules/koa/node_modules/koa-compose/index.js:42:32)
    at dispatch (/Users/zhudapeng/Desktop/egg-learn/node_modules/egg-security/node_modules/koa-compose/index.js:42:32)
    at dta (/Users/zhudapeng/Desktop/egg-learn/node_modules/egg-security/lib/middlewares/dta.js:12:12)
    at dispatch (/Users/zhudapeng/Desktop/egg-learn/node_modules/egg-security/node_modules/koa-compose/index.js:42:32)
    at xframe (/Users/zhudapeng/Desktop/egg-learn/node_modules/egg-security/lib/middlewares/xframe.js:7:11)
    at dispatch (/Users/zhudapeng/Desktop/egg-learn/node_modules/egg-security/node_modules/koa-compose/index.js:42:32)
    at xssProtection (/Users/zhudapeng/Desktop/egg-learn/node_modules/egg-security/lib/middlewares/xssProtection.js:7:11)

pid: 1494
hostname: zhudapengdeMacBook-Pro.local

2019-10-02 15:26:23,011 ERROR 1495 [-/127.0.0.1/-/27ms POST /tester/add] nodejs.TypeError: ctx.model.User.save is not a function
    at Tester.add (/Users/zhudapeng/Desktop/egg-learn/app/controller/tester.ts:19:43)
    at Object.callFn (/Users/zhudapeng/Desktop/egg-learn/node_modules/egg-core/lib/utils/index.js:44:21)
    at Object.classControllerMiddleware (/Users/zhudapeng/Desktop/egg-learn/node_modules/egg-core/lib/loader/mixin/controller.js:87:20)
    at Object.callFn (/Users/zhudapeng/Desktop/egg-learn/node_modules/@eggjs/router/lib/utils.js:12:21)
    at wrappedController (/Users/zhudapeng/Desktop/egg-learn/node_modules/@eggjs/router/lib/egg_router.js:322:18)
    at dispatch (/Users/zhudapeng/Desktop/egg-learn/node_modules/koa-compose/index.js:44:32)
    at next (/Users/zhudapeng/Desktop/egg-learn/node_modules/koa-compose/index.js:45:18)
    at /Users/zhudapeng/Desktop/egg-learn/node_modules/@eggjs/router/lib/router.js:190:18
    at dispatch (/Users/zhudapeng/Desktop/egg-learn/node_modules/koa-compose/index.js:44:32)
    at /Users/zhudapeng/Desktop/egg-learn/node_modules/koa-compose/index.js:36:12
    at dispatch (/Users/zhudapeng/Desktop/egg-learn/node_modules/@eggjs/router/lib/router.js:195:33)
    at dispatch (/Users/zhudapeng/Desktop/egg-learn/node_modules/koa/node_modules/koa-compose/index.js:42:32)
    at /Users/zhudapeng/Desktop/egg-learn/node_modules/egg-development/app/middleware/egg_loader_trace.js:9:56
    at dispatch (/Users/zhudapeng/Desktop/egg-learn/node_modules/koa/node_modules/koa-compose/index.js:42:32)
    at i18n (/Users/zhudapeng/Desktop/egg-learn/node_modules/egg-i18n/app/middleware/i18n.js:13:12)
    at dispatch (/Users/zhudapeng/Desktop/egg-learn/node_modules/koa/node_modules/koa-compose/index.js:42:32)
    at dispatch (/Users/zhudapeng/Desktop/egg-learn/node_modules/egg-security/node_modules/koa-compose/index.js:42:32)
    at dta (/Users/zhudapeng/Desktop/egg-learn/node_modules/egg-security/lib/middlewares/dta.js:12:12)
    at dispatch (/Users/zhudapeng/Desktop/egg-learn/node_modules/egg-security/node_modules/koa-compose/index.js:42:32)
    at xframe (/Users/zhudapeng/Desktop/egg-learn/node_modules/egg-security/lib/middlewares/xframe.js:7:11)
    at dispatch (/Users/zhudapeng/Desktop/egg-learn/node_modules/egg-security/node_modules/koa-compose/index.js:42:32)
    at xssProtection (/Users/zhudapeng/Desktop/egg-learn/node_modules/egg-security/lib/middlewares/xssProtection.js:7:11)

pid: 1495
hostname: zhudapengdeMacBook-Pro.local

2019-10-02 15:39:52,745 ERROR 1565 [-/127.0.0.1/-/46ms POST /tester/create] nodejs.TypeError: Cannot destructure property `name` of 'undefined' or 'null'.
    at Tester.create (/Users/zhudapeng/Desktop/egg-learn/app/controller/tester.ts:13:44)
    at Object.callFn (/Users/zhudapeng/Desktop/egg-learn/node_modules/egg-core/lib/utils/index.js:44:21)
    at Object.classControllerMiddleware (/Users/zhudapeng/Desktop/egg-learn/node_modules/egg-core/lib/loader/mixin/controller.js:87:20)
    at Object.callFn (/Users/zhudapeng/Desktop/egg-learn/node_modules/@eggjs/router/lib/utils.js:12:21)
    at wrappedController (/Users/zhudapeng/Desktop/egg-learn/node_modules/@eggjs/router/lib/egg_router.js:322:18)
    at dispatch (/Users/zhudapeng/Desktop/egg-learn/node_modules/koa-compose/index.js:44:32)
    at next (/Users/zhudapeng/Desktop/egg-learn/node_modules/koa-compose/index.js:45:18)
    at /Users/zhudapeng/Desktop/egg-learn/node_modules/@eggjs/router/lib/router.js:190:18
    at dispatch (/Users/zhudapeng/Desktop/egg-learn/node_modules/koa-compose/index.js:44:32)
    at /Users/zhudapeng/Desktop/egg-learn/node_modules/koa-compose/index.js:36:12
    at dispatch (/Users/zhudapeng/Desktop/egg-learn/node_modules/@eggjs/router/lib/router.js:195:33)
    at dispatch (/Users/zhudapeng/Desktop/egg-learn/node_modules/koa/node_modules/koa-compose/index.js:42:32)
    at /Users/zhudapeng/Desktop/egg-learn/node_modules/egg-development/app/middleware/egg_loader_trace.js:9:56
    at dispatch (/Users/zhudapeng/Desktop/egg-learn/node_modules/koa/node_modules/koa-compose/index.js:42:32)
    at i18n (/Users/zhudapeng/Desktop/egg-learn/node_modules/egg-i18n/app/middleware/i18n.js:13:12)
    at dispatch (/Users/zhudapeng/Desktop/egg-learn/node_modules/koa/node_modules/koa-compose/index.js:42:32)
    at dispatch (/Users/zhudapeng/Desktop/egg-learn/node_modules/egg-security/node_modules/koa-compose/index.js:42:32)
    at dta (/Users/zhudapeng/Desktop/egg-learn/node_modules/egg-security/lib/middlewares/dta.js:12:12)
    at dispatch (/Users/zhudapeng/Desktop/egg-learn/node_modules/egg-security/node_modules/koa-compose/index.js:42:32)
    at xframe (/Users/zhudapeng/Desktop/egg-learn/node_modules/egg-security/lib/middlewares/xframe.js:7:11)
    at dispatch (/Users/zhudapeng/Desktop/egg-learn/node_modules/egg-security/node_modules/koa-compose/index.js:42:32)
    at xssProtection (/Users/zhudapeng/Desktop/egg-learn/node_modules/egg-security/lib/middlewares/xssProtection.js:7:11)

pid: 1565
hostname: zhudapengdeMacBook-Pro.local

2019-10-02 15:43:16,448 ERROR 1577 [-/127.0.0.1/-/206ms POST /tester/create] nodejs.SequelizeDatabaseError: Unknown column 'created_at' in 'field list'
    at Query.formatError (/Users/zhudapeng/Desktop/egg-learn/node_modules/sequelize/lib/dialects/mysql/query.js:244:16)
    at handler (/Users/zhudapeng/Desktop/egg-learn/node_modules/sequelize/lib/dialects/mysql/query.js:51:23)
    at Prepare.Commands.Prepare [as onResult] (/Users/zhudapeng/Desktop/egg-learn/node_modules/mysql2/lib/connection.js:595:11)
    at Prepare.execute (/Users/zhudapeng/Desktop/egg-learn/node_modules/mysql2/lib/commands/command.js:30:14)
    at Connection.handlePacket (/Users/zhudapeng/Desktop/egg-learn/node_modules/mysql2/lib/connection.js:408:32)
    at PacketParser.Connection.packetParser.p [as onPacket] (/Users/zhudapeng/Desktop/egg-learn/node_modules/mysql2/lib/connection.js:70:12)
    at PacketParser.executeStart (/Users/zhudapeng/Desktop/egg-learn/node_modules/mysql2/lib/packet_parser.js:75:16)
    at Socket.Connection.stream.on.data (/Users/zhudapeng/Desktop/egg-learn/node_modules/mysql2/lib/connection.js:77:25)
    at Socket.emit (events.js:189:13)
    at addChunk (_stream_readable.js:284:12)
    at readableAddChunk (_stream_readable.js:265:11)
    at Socket.Readable.push (_stream_readable.js:220:10)
    at TCP.onStreamRead [as onread] (internal/stream_base_commons.js:94:17)
From previous event:
    at Query.run (/Users/zhudapeng/Desktop/egg-learn/node_modules/sequelize/lib/dialects/mysql/query.js:39:12)
    at runHooks.then.then (/Users/zhudapeng/Desktop/egg-learn/node_modules/sequelize/lib/sequelize.js:645:29)
From previous event:
    at Promise.try.then.connection (/Users/zhudapeng/Desktop/egg-learn/node_modules/sequelize/lib/sequelize.js:645:12)
From previous event:
    at Promise.resolve.retry (/Users/zhudapeng/Desktop/egg-learn/node_modules/sequelize/lib/sequelize.js:641:10)
    at /Users/zhudapeng/Desktop/egg-learn/node_modules/retry-as-promised/index.js:70:21
    at new Promise (<anonymous>)
    at retryAsPromised (/Users/zhudapeng/Desktop/egg-learn/node_modules/retry-as-promised/index.js:60:10)
    at Promise.try (/Users/zhudapeng/Desktop/egg-learn/node_modules/sequelize/lib/sequelize.js:631:30)
From previous event:
    at Sequelize.query (/Users/zhudapeng/Desktop/egg-learn/node_modules/sequelize/lib/sequelize.js:580:23)
    at QueryInterface.insert (/Users/zhudapeng/Desktop/egg-learn/node_modules/sequelize/lib/query-interface.js:885:27)
    at Promise.try.then.then.then (/Users/zhudapeng/Desktop/egg-learn/node_modules/sequelize/lib/model.js:3987:52)
    at runCallback (timers.js:705:18)
    at tryOnImmediate (timers.js:676:5)
    at processImmediate (timers.js:658:5)
From previous event:
    at model.save (/Users/zhudapeng/Desktop/egg-learn/node_modules/sequelize/lib/model.js:3964:8)
    at Function.create (/Users/zhudapeng/Desktop/egg-learn/node_modules/sequelize/lib/model.js:2225:8)
    at Tester.create (/Users/zhudapeng/Desktop/egg-learn/app/controller/tester.ts:24:47)
    at Object.callFn (/Users/zhudapeng/Desktop/egg-learn/node_modules/egg-core/lib/utils/index.js:44:21)
    at Object.classControllerMiddleware (/Users/zhudapeng/Desktop/egg-learn/node_modules/egg-core/lib/loader/mixin/controller.js:87:20)
    at Object.callFn (/Users/zhudapeng/Desktop/egg-learn/node_modules/@eggjs/router/lib/utils.js:12:21)
    at wrappedController (/Users/zhudapeng/Desktop/egg-learn/node_modules/@eggjs/router/lib/egg_router.js:322:18)
    at dispatch (/Users/zhudapeng/Desktop/egg-learn/node_modules/koa-compose/index.js:44:32)
    at next (/Users/zhudapeng/Desktop/egg-learn/node_modules/koa-compose/index.js:45:18)
    at /Users/zhudapeng/Desktop/egg-learn/node_modules/@eggjs/router/lib/router.js:190:18
    at dispatch (/Users/zhudapeng/Desktop/egg-learn/node_modules/koa-compose/index.js:44:32)
    at /Users/zhudapeng/Desktop/egg-learn/node_modules/koa-compose/index.js:36:12
    at dispatch (/Users/zhudapeng/Desktop/egg-learn/node_modules/@eggjs/router/lib/router.js:195:33)
    at dispatch (/Users/zhudapeng/Desktop/egg-learn/node_modules/koa/node_modules/koa-compose/index.js:42:32)
    at /Users/zhudapeng/Desktop/egg-learn/node_modules/egg-development/app/middleware/egg_loader_trace.js:9:56
    at dispatch (/Users/zhudapeng/Desktop/egg-learn/node_modules/koa/node_modules/koa-compose/index.js:42:32)
    at i18n (/Users/zhudapeng/Desktop/egg-learn/node_modules/egg-i18n/app/middleware/i18n.js:13:12)
    at dispatch (/Users/zhudapeng/Desktop/egg-learn/node_modules/koa/node_modules/koa-compose/index.js:42:32)
    at dispatch (/Users/zhudapeng/Desktop/egg-learn/node_modules/egg-security/node_modules/koa-compose/index.js:42:32)
    at dta (/Users/zhudapeng/Desktop/egg-learn/node_modules/egg-security/lib/middlewares/dta.js:12:12)
    at dispatch (/Users/zhudapeng/Desktop/egg-learn/node_modules/egg-security/node_modules/koa-compose/index.js:42:32)
    at xframe (/Users/zhudapeng/Desktop/egg-learn/node_modules/egg-security/lib/middlewares/xframe.js:7:11)
    at dispatch (/Users/zhudapeng/Desktop/egg-learn/node_modules/egg-security/node_modules/koa-compose/index.js:42:32)
    at xssProtection (/Users/zhudapeng/Desktop/egg-learn/node_modules/egg-security/lib/middlewares/xssProtection.js:7:11)
    at dispatch (/Users/zhudapeng/Desktop/egg-learn/node_modules/egg-security/node_modules/koa-compose/index.js:42:32)
name: "SequelizeDatabaseError"
parent: {"code":"ER_BAD_FIELD_ERROR","errno":1054,"sqlState":"42S22","sqlMessage":"Unknown column 'created_at' in 'field list'","sql":"INSERT INTO `user` (`id`,`name`,`age`,`address`,`created_at`,`updated_at`) VALUES (?,?,?,?,?,?);","parameters":["4b91e930-e4e8-11e9-880e-f172425eea44","Anna","28","","2019-10-02 15:43:16","2019-10-02 15:43:16"]}
original: {"code":"ER_BAD_FIELD_ERROR","errno":1054,"sqlState":"42S22","sqlMessage":"Unknown column 'created_at' in 'field list'","sql":"INSERT INTO `user` (`id`,`name`,`age`,`address`,`created_at`,`updated_at`) VALUES (?,?,?,?,?,?);","parameters":["4b91e930-e4e8-11e9-880e-f172425eea44","Anna","28","","2019-10-02 15:43:16","2019-10-02 15:43:16"]}
sql: "INSERT INTO `user` (`id`,`name`,`age`,`address`,`created_at`,`updated_at`) VALUES (?,?,?,?,?,?);"
parameters: ["4b91e930-e4e8-11e9-880e-f172425eea44","Anna","28","","2019-10-02 15:43:16","2019-10-02 15:43:16"]
pid: 1577
hostname: zhudapengdeMacBook-Pro.local

2019-10-02 16:05:08,756 ERROR 1688 [-/127.0.0.1/-/36ms PUT /tester/updateById] nodejs.AssertionError [ERR_ASSERTION]: Missing where attribute in the options parameter
    at Function._optionsMustContainWhere (/Users/zhudapeng/Desktop/egg-learn/node_modules/sequelize/lib/model.js:3426:5)
    at Function.update (/Users/zhudapeng/Desktop/egg-learn/node_modules/sequelize/lib/model.js:3052:10)
    at Tester.update (/Users/zhudapeng/Desktop/egg-learn/app/controller/tester.ts:32:30)
    at Object.callFn (/Users/zhudapeng/Desktop/egg-learn/node_modules/egg-core/lib/utils/index.js:44:21)
    at Object.classControllerMiddleware (/Users/zhudapeng/Desktop/egg-learn/node_modules/egg-core/lib/loader/mixin/controller.js:87:20)
    at Object.callFn (/Users/zhudapeng/Desktop/egg-learn/node_modules/@eggjs/router/lib/utils.js:12:21)
    at wrappedController (/Users/zhudapeng/Desktop/egg-learn/node_modules/@eggjs/router/lib/egg_router.js:322:18)
    at dispatch (/Users/zhudapeng/Desktop/egg-learn/node_modules/koa-compose/index.js:44:32)
    at next (/Users/zhudapeng/Desktop/egg-learn/node_modules/koa-compose/index.js:45:18)
    at /Users/zhudapeng/Desktop/egg-learn/node_modules/@eggjs/router/lib/router.js:190:18
    at dispatch (/Users/zhudapeng/Desktop/egg-learn/node_modules/koa-compose/index.js:44:32)
    at /Users/zhudapeng/Desktop/egg-learn/node_modules/koa-compose/index.js:36:12
    at dispatch (/Users/zhudapeng/Desktop/egg-learn/node_modules/@eggjs/router/lib/router.js:195:33)
    at dispatch (/Users/zhudapeng/Desktop/egg-learn/node_modules/koa/node_modules/koa-compose/index.js:42:32)
    at /Users/zhudapeng/Desktop/egg-learn/node_modules/egg-development/app/middleware/egg_loader_trace.js:9:56
    at dispatch (/Users/zhudapeng/Desktop/egg-learn/node_modules/koa/node_modules/koa-compose/index.js:42:32)
    at i18n (/Users/zhudapeng/Desktop/egg-learn/node_modules/egg-i18n/app/middleware/i18n.js:13:12)
    at dispatch (/Users/zhudapeng/Desktop/egg-learn/node_modules/koa/node_modules/koa-compose/index.js:42:32)
    at dispatch (/Users/zhudapeng/Desktop/egg-learn/node_modules/egg-security/node_modules/koa-compose/index.js:42:32)
    at dta (/Users/zhudapeng/Desktop/egg-learn/node_modules/egg-security/lib/middlewares/dta.js:12:12)
    at dispatch (/Users/zhudapeng/Desktop/egg-learn/node_modules/egg-security/node_modules/koa-compose/index.js:42:32)
    at xframe (/Users/zhudapeng/Desktop/egg-learn/node_modules/egg-security/lib/middlewares/xframe.js:7:11)
generatedMessage: false
name: "AssertionError [ERR_ASSERTION]"
code: "ERR_ASSERTION"
actual: undefined
expected: true
operator: "=="
pid: 1688
hostname: zhudapengdeMacBook-Pro.local

2019-10-02 16:05:54,124 ERROR 1697 [-/127.0.0.1/-/30ms PUT /tester/updateById] nodejs.AssertionError [ERR_ASSERTION]: Missing where attribute in the options parameter
    at Function._optionsMustContainWhere (/Users/zhudapeng/Desktop/egg-learn/node_modules/sequelize/lib/model.js:3426:5)
    at Function.update (/Users/zhudapeng/Desktop/egg-learn/node_modules/sequelize/lib/model.js:3052:10)
    at Tester.update (/Users/zhudapeng/Desktop/egg-learn/app/controller/tester.ts:32:30)
    at Object.callFn (/Users/zhudapeng/Desktop/egg-learn/node_modules/egg-core/lib/utils/index.js:44:21)
    at Object.classControllerMiddleware (/Users/zhudapeng/Desktop/egg-learn/node_modules/egg-core/lib/loader/mixin/controller.js:87:20)
    at Object.callFn (/Users/zhudapeng/Desktop/egg-learn/node_modules/@eggjs/router/lib/utils.js:12:21)
    at wrappedController (/Users/zhudapeng/Desktop/egg-learn/node_modules/@eggjs/router/lib/egg_router.js:322:18)
    at dispatch (/Users/zhudapeng/Desktop/egg-learn/node_modules/koa-compose/index.js:44:32)
    at next (/Users/zhudapeng/Desktop/egg-learn/node_modules/koa-compose/index.js:45:18)
    at /Users/zhudapeng/Desktop/egg-learn/node_modules/@eggjs/router/lib/router.js:190:18
    at dispatch (/Users/zhudapeng/Desktop/egg-learn/node_modules/koa-compose/index.js:44:32)
    at /Users/zhudapeng/Desktop/egg-learn/node_modules/koa-compose/index.js:36:12
    at dispatch (/Users/zhudapeng/Desktop/egg-learn/node_modules/@eggjs/router/lib/router.js:195:33)
    at dispatch (/Users/zhudapeng/Desktop/egg-learn/node_modules/koa/node_modules/koa-compose/index.js:42:32)
    at /Users/zhudapeng/Desktop/egg-learn/node_modules/egg-development/app/middleware/egg_loader_trace.js:9:56
    at dispatch (/Users/zhudapeng/Desktop/egg-learn/node_modules/koa/node_modules/koa-compose/index.js:42:32)
    at i18n (/Users/zhudapeng/Desktop/egg-learn/node_modules/egg-i18n/app/middleware/i18n.js:13:12)
    at dispatch (/Users/zhudapeng/Desktop/egg-learn/node_modules/koa/node_modules/koa-compose/index.js:42:32)
    at dispatch (/Users/zhudapeng/Desktop/egg-learn/node_modules/egg-security/node_modules/koa-compose/index.js:42:32)
    at dta (/Users/zhudapeng/Desktop/egg-learn/node_modules/egg-security/lib/middlewares/dta.js:12:12)
    at dispatch (/Users/zhudapeng/Desktop/egg-learn/node_modules/egg-security/node_modules/koa-compose/index.js:42:32)
    at xframe (/Users/zhudapeng/Desktop/egg-learn/node_modules/egg-security/lib/middlewares/xframe.js:7:11)
generatedMessage: false
name: "AssertionError [ERR_ASSERTION]"
code: "ERR_ASSERTION"
actual: undefined
expected: true
operator: "=="
pid: 1697
hostname: zhudapengdeMacBook-Pro.local

2019-10-02 16:14:14,106 ERROR 1736 [-/127.0.0.1/-/28ms PATCH /tester/deleteById] nodejs.TypeError: ctx.model.User.destory is not a function
    at Tester.delete (/Users/zhudapeng/Desktop/egg-learn/app/controller/tester.ts:47:30)
    at Object.callFn (/Users/zhudapeng/Desktop/egg-learn/node_modules/egg-core/lib/utils/index.js:44:21)
    at Object.classControllerMiddleware (/Users/zhudapeng/Desktop/egg-learn/node_modules/egg-core/lib/loader/mixin/controller.js:87:20)
    at Object.callFn (/Users/zhudapeng/Desktop/egg-learn/node_modules/@eggjs/router/lib/utils.js:12:21)
    at wrappedController (/Users/zhudapeng/Desktop/egg-learn/node_modules/@eggjs/router/lib/egg_router.js:322:18)
    at dispatch (/Users/zhudapeng/Desktop/egg-learn/node_modules/koa-compose/index.js:44:32)
    at next (/Users/zhudapeng/Desktop/egg-learn/node_modules/koa-compose/index.js:45:18)
    at /Users/zhudapeng/Desktop/egg-learn/node_modules/@eggjs/router/lib/router.js:190:18
    at dispatch (/Users/zhudapeng/Desktop/egg-learn/node_modules/koa-compose/index.js:44:32)
    at /Users/zhudapeng/Desktop/egg-learn/node_modules/koa-compose/index.js:36:12
    at dispatch (/Users/zhudapeng/Desktop/egg-learn/node_modules/@eggjs/router/lib/router.js:195:33)
    at dispatch (/Users/zhudapeng/Desktop/egg-learn/node_modules/koa/node_modules/koa-compose/index.js:42:32)
    at /Users/zhudapeng/Desktop/egg-learn/node_modules/egg-development/app/middleware/egg_loader_trace.js:9:56
    at dispatch (/Users/zhudapeng/Desktop/egg-learn/node_modules/koa/node_modules/koa-compose/index.js:42:32)
    at i18n (/Users/zhudapeng/Desktop/egg-learn/node_modules/egg-i18n/app/middleware/i18n.js:13:12)
    at dispatch (/Users/zhudapeng/Desktop/egg-learn/node_modules/koa/node_modules/koa-compose/index.js:42:32)
    at dispatch (/Users/zhudapeng/Desktop/egg-learn/node_modules/egg-security/node_modules/koa-compose/index.js:42:32)
    at dta (/Users/zhudapeng/Desktop/egg-learn/node_modules/egg-security/lib/middlewares/dta.js:12:12)
    at dispatch (/Users/zhudapeng/Desktop/egg-learn/node_modules/egg-security/node_modules/koa-compose/index.js:42:32)
    at xframe (/Users/zhudapeng/Desktop/egg-learn/node_modules/egg-security/lib/middlewares/xframe.js:7:11)
    at dispatch (/Users/zhudapeng/Desktop/egg-learn/node_modules/egg-security/node_modules/koa-compose/index.js:42:32)
    at xssProtection (/Users/zhudapeng/Desktop/egg-learn/node_modules/egg-security/lib/middlewares/xssProtection.js:7:11)

pid: 1736
hostname: zhudapengdeMacBook-Pro.local

2019-10-03 15:33:54,851 ERROR 827 [-/127.0.0.1/-/8ms GET /tester/findOneAttr] nodejs.TypeError: ctx.model.User.query is not a function
    at Tester.findOneAttr (/Users/zhudapeng/Desktop/egg-learn/app/controller/tester.ts:64:30)
    at Object.callFn (/Users/zhudapeng/Desktop/egg-learn/node_modules/egg-core/lib/utils/index.js:44:21)
    at Object.classControllerMiddleware (/Users/zhudapeng/Desktop/egg-learn/node_modules/egg-core/lib/loader/mixin/controller.js:87:20)
    at Object.callFn (/Users/zhudapeng/Desktop/egg-learn/node_modules/@eggjs/router/lib/utils.js:12:21)
    at wrappedController (/Users/zhudapeng/Desktop/egg-learn/node_modules/@eggjs/router/lib/egg_router.js:322:18)
    at dispatch (/Users/zhudapeng/Desktop/egg-learn/node_modules/koa-compose/index.js:44:32)
    at next (/Users/zhudapeng/Desktop/egg-learn/node_modules/koa-compose/index.js:45:18)
    at /Users/zhudapeng/Desktop/egg-learn/node_modules/@eggjs/router/lib/router.js:190:18
    at dispatch (/Users/zhudapeng/Desktop/egg-learn/node_modules/koa-compose/index.js:44:32)
    at /Users/zhudapeng/Desktop/egg-learn/node_modules/koa-compose/index.js:36:12
    at dispatch (/Users/zhudapeng/Desktop/egg-learn/node_modules/@eggjs/router/lib/router.js:195:33)
    at dispatch (/Users/zhudapeng/Desktop/egg-learn/node_modules/koa/node_modules/koa-compose/index.js:42:32)
    at /Users/zhudapeng/Desktop/egg-learn/node_modules/egg-development/app/middleware/egg_loader_trace.js:9:56
    at dispatch (/Users/zhudapeng/Desktop/egg-learn/node_modules/koa/node_modules/koa-compose/index.js:42:32)
    at i18n (/Users/zhudapeng/Desktop/egg-learn/node_modules/egg-i18n/app/middleware/i18n.js:13:12)
    at dispatch (/Users/zhudapeng/Desktop/egg-learn/node_modules/koa/node_modules/koa-compose/index.js:42:32)
    at dispatch (/Users/zhudapeng/Desktop/egg-learn/node_modules/egg-security/node_modules/koa-compose/index.js:42:32)
    at dta (/Users/zhudapeng/Desktop/egg-learn/node_modules/egg-security/lib/middlewares/dta.js:12:12)
    at dispatch (/Users/zhudapeng/Desktop/egg-learn/node_modules/egg-security/node_modules/koa-compose/index.js:42:32)
    at xframe (/Users/zhudapeng/Desktop/egg-learn/node_modules/egg-security/lib/middlewares/xframe.js:7:11)
    at dispatch (/Users/zhudapeng/Desktop/egg-learn/node_modules/egg-security/node_modules/koa-compose/index.js:42:32)
    at xssProtection (/Users/zhudapeng/Desktop/egg-learn/node_modules/egg-security/lib/middlewares/xssProtection.js:7:11)

pid: 827
hostname: zhudapengdeMacBook-Pro.local

2019-10-03 15:56:05,056 ERROR 891 [-/127.0.0.1/-/28ms GET /tester/findAnd] nodejs.TypeError: value.map is not a function
    at MySQLQueryGenerator._whereBind (/Users/zhudapeng/Desktop/egg-learn/node_modules/sequelize/lib/dialects/abstract/query-generator.js:2334:21)
    at MySQLQueryGenerator.whereItemQuery (/Users/zhudapeng/Desktop/egg-learn/node_modules/sequelize/lib/dialects/abstract/query-generator.js:2251:19)
    at Utils.getComplexKeys.forEach.prop (/Users/zhudapeng/Desktop/egg-learn/node_modules/sequelize/lib/dialects/abstract/query-generator.js:2173:25)
    at Array.forEach (<anonymous>)
    at MySQLQueryGenerator.whereItemsQuery (/Users/zhudapeng/Desktop/egg-learn/node_modules/sequelize/lib/dialects/abstract/query-generator.js:2171:35)
    at MySQLQueryGenerator.getWhereConditions (/Users/zhudapeng/Desktop/egg-learn/node_modules/sequelize/lib/dialects/abstract/query-generator.js:2583:19)
    at MySQLQueryGenerator.selectQuery (/Users/zhudapeng/Desktop/egg-learn/node_modules/sequelize/lib/dialects/abstract/query-generator.js:1315:28)
    at QueryInterface.select (/Users/zhudapeng/Desktop/egg-learn/node_modules/sequelize/lib/query-interface.js:1121:27)
    at Promise.try.then.then.then (/Users/zhudapeng/Desktop/egg-learn/node_modules/sequelize/lib/model.js:1756:34)
    at runCallback (timers.js:705:18)
    at tryOnImmediate (timers.js:676:5)
    at processImmediate (timers.js:658:5)
From previous event:
    at Function.findAll (/Users/zhudapeng/Desktop/egg-learn/node_modules/sequelize/lib/model.js:1754:8)
    at Tester.findAnd (/Users/zhudapeng/Desktop/egg-learn/app/controller/tester.ts:90:30)
    at Object.callFn (/Users/zhudapeng/Desktop/egg-learn/node_modules/egg-core/lib/utils/index.js:44:21)
    at Object.classControllerMiddleware (/Users/zhudapeng/Desktop/egg-learn/node_modules/egg-core/lib/loader/mixin/controller.js:87:20)
    at Object.callFn (/Users/zhudapeng/Desktop/egg-learn/node_modules/@eggjs/router/lib/utils.js:12:21)
    at wrappedController (/Users/zhudapeng/Desktop/egg-learn/node_modules/@eggjs/router/lib/egg_router.js:322:18)
    at dispatch (/Users/zhudapeng/Desktop/egg-learn/node_modules/koa-compose/index.js:44:32)
    at next (/Users/zhudapeng/Desktop/egg-learn/node_modules/koa-compose/index.js:45:18)
    at /Users/zhudapeng/Desktop/egg-learn/node_modules/@eggjs/router/lib/router.js:190:18
    at dispatch (/Users/zhudapeng/Desktop/egg-learn/node_modules/koa-compose/index.js:44:32)
    at /Users/zhudapeng/Desktop/egg-learn/node_modules/koa-compose/index.js:36:12
    at dispatch (/Users/zhudapeng/Desktop/egg-learn/node_modules/@eggjs/router/lib/router.js:195:33)
    at dispatch (/Users/zhudapeng/Desktop/egg-learn/node_modules/koa/node_modules/koa-compose/index.js:42:32)
    at /Users/zhudapeng/Desktop/egg-learn/node_modules/egg-development/app/middleware/egg_loader_trace.js:9:56
    at dispatch (/Users/zhudapeng/Desktop/egg-learn/node_modules/koa/node_modules/koa-compose/index.js:42:32)
    at i18n (/Users/zhudapeng/Desktop/egg-learn/node_modules/egg-i18n/app/middleware/i18n.js:13:12)
    at dispatch (/Users/zhudapeng/Desktop/egg-learn/node_modules/koa/node_modules/koa-compose/index.js:42:32)
    at dispatch (/Users/zhudapeng/Desktop/egg-learn/node_modules/egg-security/node_modules/koa-compose/index.js:42:32)
    at dta (/Users/zhudapeng/Desktop/egg-learn/node_modules/egg-security/lib/middlewares/dta.js:12:12)
    at dispatch (/Users/zhudapeng/Desktop/egg-learn/node_modules/egg-security/node_modules/koa-compose/index.js:42:32)
    at xframe (/Users/zhudapeng/Desktop/egg-learn/node_modules/egg-security/lib/middlewares/xframe.js:7:11)
    at dispatch (/Users/zhudapeng/Desktop/egg-learn/node_modules/egg-security/node_modules/koa-compose/index.js:42:32)
    at xssProtection (/Users/zhudapeng/Desktop/egg-learn/node_modules/egg-security/lib/middlewares/xssProtection.js:7:11)
    at dispatch (/Users/zhudapeng/Desktop/egg-learn/node_modules/egg-security/node_modules/koa-compose/index.js:42:32)
    at nosniff (/Users/zhudapeng/Desktop/egg-learn/node_modules/egg-security/lib/middlewares/nosniff.js:8:11)

pid: 891
hostname: zhudapengdeMacBook-Pro.local

2019-10-03 15:56:38,676 ERROR 898 [-/127.0.0.1/-/28ms GET /tester/findAnd] nodejs.TypeError: value.map is not a function
    at MySQLQueryGenerator._whereBind (/Users/zhudapeng/Desktop/egg-learn/node_modules/sequelize/lib/dialects/abstract/query-generator.js:2334:21)
    at MySQLQueryGenerator.whereItemQuery (/Users/zhudapeng/Desktop/egg-learn/node_modules/sequelize/lib/dialects/abstract/query-generator.js:2251:19)
    at Utils.getComplexKeys.forEach.prop (/Users/zhudapeng/Desktop/egg-learn/node_modules/sequelize/lib/dialects/abstract/query-generator.js:2173:25)
    at Array.forEach (<anonymous>)
    at MySQLQueryGenerator.whereItemsQuery (/Users/zhudapeng/Desktop/egg-learn/node_modules/sequelize/lib/dialects/abstract/query-generator.js:2171:35)
    at MySQLQueryGenerator.getWhereConditions (/Users/zhudapeng/Desktop/egg-learn/node_modules/sequelize/lib/dialects/abstract/query-generator.js:2583:19)
    at MySQLQueryGenerator.selectQuery (/Users/zhudapeng/Desktop/egg-learn/node_modules/sequelize/lib/dialects/abstract/query-generator.js:1315:28)
    at QueryInterface.select (/Users/zhudapeng/Desktop/egg-learn/node_modules/sequelize/lib/query-interface.js:1121:27)
    at Promise.try.then.then.then (/Users/zhudapeng/Desktop/egg-learn/node_modules/sequelize/lib/model.js:1756:34)
    at runCallback (timers.js:705:18)
    at tryOnImmediate (timers.js:676:5)
    at processImmediate (timers.js:658:5)
From previous event:
    at Function.findAll (/Users/zhudapeng/Desktop/egg-learn/node_modules/sequelize/lib/model.js:1754:8)
    at Tester.findAnd (/Users/zhudapeng/Desktop/egg-learn/app/controller/tester.ts:90:30)
    at Object.callFn (/Users/zhudapeng/Desktop/egg-learn/node_modules/egg-core/lib/utils/index.js:44:21)
    at Object.classControllerMiddleware (/Users/zhudapeng/Desktop/egg-learn/node_modules/egg-core/lib/loader/mixin/controller.js:87:20)
    at Object.callFn (/Users/zhudapeng/Desktop/egg-learn/node_modules/@eggjs/router/lib/utils.js:12:21)
    at wrappedController (/Users/zhudapeng/Desktop/egg-learn/node_modules/@eggjs/router/lib/egg_router.js:322:18)
    at dispatch (/Users/zhudapeng/Desktop/egg-learn/node_modules/koa-compose/index.js:44:32)
    at next (/Users/zhudapeng/Desktop/egg-learn/node_modules/koa-compose/index.js:45:18)
    at /Users/zhudapeng/Desktop/egg-learn/node_modules/@eggjs/router/lib/router.js:190:18
    at dispatch (/Users/zhudapeng/Desktop/egg-learn/node_modules/koa-compose/index.js:44:32)
    at /Users/zhudapeng/Desktop/egg-learn/node_modules/koa-compose/index.js:36:12
    at dispatch (/Users/zhudapeng/Desktop/egg-learn/node_modules/@eggjs/router/lib/router.js:195:33)
    at dispatch (/Users/zhudapeng/Desktop/egg-learn/node_modules/koa/node_modules/koa-compose/index.js:42:32)
    at /Users/zhudapeng/Desktop/egg-learn/node_modules/egg-development/app/middleware/egg_loader_trace.js:9:56
    at dispatch (/Users/zhudapeng/Desktop/egg-learn/node_modules/koa/node_modules/koa-compose/index.js:42:32)
    at i18n (/Users/zhudapeng/Desktop/egg-learn/node_modules/egg-i18n/app/middleware/i18n.js:13:12)
    at dispatch (/Users/zhudapeng/Desktop/egg-learn/node_modules/koa/node_modules/koa-compose/index.js:42:32)
    at dispatch (/Users/zhudapeng/Desktop/egg-learn/node_modules/egg-security/node_modules/koa-compose/index.js:42:32)
    at dta (/Users/zhudapeng/Desktop/egg-learn/node_modules/egg-security/lib/middlewares/dta.js:12:12)
    at dispatch (/Users/zhudapeng/Desktop/egg-learn/node_modules/egg-security/node_modules/koa-compose/index.js:42:32)
    at xframe (/Users/zhudapeng/Desktop/egg-learn/node_modules/egg-security/lib/middlewares/xframe.js:7:11)
    at dispatch (/Users/zhudapeng/Desktop/egg-learn/node_modules/egg-security/node_modules/koa-compose/index.js:42:32)
    at xssProtection (/Users/zhudapeng/Desktop/egg-learn/node_modules/egg-security/lib/middlewares/xssProtection.js:7:11)
    at dispatch (/Users/zhudapeng/Desktop/egg-learn/node_modules/egg-security/node_modules/koa-compose/index.js:42:32)
    at nosniff (/Users/zhudapeng/Desktop/egg-learn/node_modules/egg-security/lib/middlewares/nosniff.js:8:11)

pid: 898
hostname: zhudapengdeMacBook-Pro.local

2019-10-03 15:58:16,609 ERROR 902 [-/127.0.0.1/-/35ms GET /tester/findAnd] nodejs.Error: Invalid value { address: '%' }
    at Object.escape (/Users/zhudapeng/Desktop/egg-learn/node_modules/sequelize/lib/sql-string.js:65:11)
    at MySQLQueryGenerator.escape (/Users/zhudapeng/Desktop/egg-learn/node_modules/sequelize/lib/dialects/abstract/query-generator.js:986:22)
    at MySQLQueryGenerator._whereParseSingleValueObject (/Users/zhudapeng/Desktop/egg-learn/node_modules/sequelize/lib/dialects/abstract/query-generator.js:2556:41)
    at MySQLQueryGenerator.whereItemQuery (/Users/zhudapeng/Desktop/egg-learn/node_modules/sequelize/lib/dialects/abstract/query-generator.js:2274:19)
    at Utils.getComplexKeys.forEach.prop (/Users/zhudapeng/Desktop/egg-learn/node_modules/sequelize/lib/dialects/abstract/query-generator.js:2173:25)
    at Array.forEach (<anonymous>)
    at MySQLQueryGenerator.whereItemsQuery (/Users/zhudapeng/Desktop/egg-learn/node_modules/sequelize/lib/dialects/abstract/query-generator.js:2171:35)
    at MySQLQueryGenerator.getWhereConditions (/Users/zhudapeng/Desktop/egg-learn/node_modules/sequelize/lib/dialects/abstract/query-generator.js:2583:19)
    at MySQLQueryGenerator.selectQuery (/Users/zhudapeng/Desktop/egg-learn/node_modules/sequelize/lib/dialects/abstract/query-generator.js:1315:28)
    at QueryInterface.select (/Users/zhudapeng/Desktop/egg-learn/node_modules/sequelize/lib/query-interface.js:1121:27)
    at Promise.try.then.then.then (/Users/zhudapeng/Desktop/egg-learn/node_modules/sequelize/lib/model.js:1756:34)
    at runCallback (timers.js:705:18)
    at tryOnImmediate (timers.js:676:5)
From previous event:
    at Function.findAll (/Users/zhudapeng/Desktop/egg-learn/node_modules/sequelize/lib/model.js:1754:8)
    at Tester.findAnd (/Users/zhudapeng/Desktop/egg-learn/app/controller/tester.ts:90:30)
    at Object.callFn (/Users/zhudapeng/Desktop/egg-learn/node_modules/egg-core/lib/utils/index.js:44:21)
    at Object.classControllerMiddleware (/Users/zhudapeng/Desktop/egg-learn/node_modules/egg-core/lib/loader/mixin/controller.js:87:20)
    at Object.callFn (/Users/zhudapeng/Desktop/egg-learn/node_modules/@eggjs/router/lib/utils.js:12:21)
    at wrappedController (/Users/zhudapeng/Desktop/egg-learn/node_modules/@eggjs/router/lib/egg_router.js:322:18)
    at dispatch (/Users/zhudapeng/Desktop/egg-learn/node_modules/koa-compose/index.js:44:32)
    at next (/Users/zhudapeng/Desktop/egg-learn/node_modules/koa-compose/index.js:45:18)
    at /Users/zhudapeng/Desktop/egg-learn/node_modules/@eggjs/router/lib/router.js:190:18
    at dispatch (/Users/zhudapeng/Desktop/egg-learn/node_modules/koa-compose/index.js:44:32)
    at /Users/zhudapeng/Desktop/egg-learn/node_modules/koa-compose/index.js:36:12
    at dispatch (/Users/zhudapeng/Desktop/egg-learn/node_modules/@eggjs/router/lib/router.js:195:33)
    at dispatch (/Users/zhudapeng/Desktop/egg-learn/node_modules/koa/node_modules/koa-compose/index.js:42:32)
    at /Users/zhudapeng/Desktop/egg-learn/node_modules/egg-development/app/middleware/egg_loader_trace.js:9:56
    at dispatch (/Users/zhudapeng/Desktop/egg-learn/node_modules/koa/node_modules/koa-compose/index.js:42:32)
    at i18n (/Users/zhudapeng/Desktop/egg-learn/node_modules/egg-i18n/app/middleware/i18n.js:13:12)
    at dispatch (/Users/zhudapeng/Desktop/egg-learn/node_modules/koa/node_modules/koa-compose/index.js:42:32)
    at dispatch (/Users/zhudapeng/Desktop/egg-learn/node_modules/egg-security/node_modules/koa-compose/index.js:42:32)
    at dta (/Users/zhudapeng/Desktop/egg-learn/node_modules/egg-security/lib/middlewares/dta.js:12:12)
    at dispatch (/Users/zhudapeng/Desktop/egg-learn/node_modules/egg-security/node_modules/koa-compose/index.js:42:32)
    at xframe (/Users/zhudapeng/Desktop/egg-learn/node_modules/egg-security/lib/middlewares/xframe.js:7:11)
    at dispatch (/Users/zhudapeng/Desktop/egg-learn/node_modules/egg-security/node_modules/koa-compose/index.js:42:32)
    at xssProtection (/Users/zhudapeng/Desktop/egg-learn/node_modules/egg-security/lib/middlewares/xssProtection.js:7:11)
    at dispatch (/Users/zhudapeng/Desktop/egg-learn/node_modules/egg-security/node_modules/koa-compose/index.js:42:32)
    at nosniff (/Users/zhudapeng/Desktop/egg-learn/node_modules/egg-security/lib/middlewares/nosniff.js:8:11)

pid: 902
hostname: zhudapengdeMacBook-Pro.local

2019-10-04 11:42:04,192 ERROR 1006 nodejs.ClusterClientNoResponseError: client no response in 231210ms exceeding maxIdleTime 60000ms, maybe the connection is close on other side.
    at Timeout.Leader._heartbeatTimer.setInterval [as _onTimeout] (/Users/zhudapeng/Desktop/egg-learn/node_modules/cluster-client/lib/leader.js:77:23)
    at ontimeout (timers.js:436:11)
    at tryOnTimeout (timers.js:300:5)
    at listOnTimeout (timers.js:263:5)
    at Timer.processTimers (timers.js:223:10)
name: "ClusterClientNoResponseError"
pid: 1006
hostname: zhudapengdeMacBook-Pro.local

2019-10-04 12:09:19,534 ERROR 1241 [-/127.0.0.1/-/59ms GET /tester/getByPager?pageIndex=1&pageSize=5] nodejs.SequelizeDatabaseError: You have an error in your SQL syntax; check the manual that corresponds to your MySQL server version for the right syntax to use near ''5'' at line 1
    at Query.formatError (/Users/zhudapeng/Desktop/egg-learn/node_modules/sequelize/lib/dialects/mysql/query.js:244:16)
    at Query.handler [as onResult] (/Users/zhudapeng/Desktop/egg-learn/node_modules/sequelize/lib/dialects/mysql/query.js:51:23)
    at Query.execute (/Users/zhudapeng/Desktop/egg-learn/node_modules/mysql2/lib/commands/command.js:30:14)
    at Connection.handlePacket (/Users/zhudapeng/Desktop/egg-learn/node_modules/mysql2/lib/connection.js:408:32)
    at PacketParser.Connection.packetParser.p [as onPacket] (/Users/zhudapeng/Desktop/egg-learn/node_modules/mysql2/lib/connection.js:70:12)
    at PacketParser.executeStart (/Users/zhudapeng/Desktop/egg-learn/node_modules/mysql2/lib/packet_parser.js:75:16)
    at Socket.Connection.stream.on.data (/Users/zhudapeng/Desktop/egg-learn/node_modules/mysql2/lib/connection.js:77:25)
    at Socket.emit (events.js:189:13)
    at addChunk (_stream_readable.js:284:12)
    at readableAddChunk (_stream_readable.js:265:11)
    at Socket.Readable.push (_stream_readable.js:220:10)
    at TCP.onStreamRead [as onread] (internal/stream_base_commons.js:94:17)
From previous event:
    at Query.run (/Users/zhudapeng/Desktop/egg-learn/node_modules/sequelize/lib/dialects/mysql/query.js:39:12)
    at runHooks.then.then (/Users/zhudapeng/Desktop/egg-learn/node_modules/sequelize/lib/sequelize.js:645:29)
From previous event:
    at Promise.try.then.connection (/Users/zhudapeng/Desktop/egg-learn/node_modules/sequelize/lib/sequelize.js:645:12)
From previous event:
    at Promise.resolve.retry (/Users/zhudapeng/Desktop/egg-learn/node_modules/sequelize/lib/sequelize.js:641:10)
    at /Users/zhudapeng/Desktop/egg-learn/node_modules/retry-as-promised/index.js:70:21
    at new Promise (<anonymous>)
    at retryAsPromised (/Users/zhudapeng/Desktop/egg-learn/node_modules/retry-as-promised/index.js:60:10)
    at Promise.try (/Users/zhudapeng/Desktop/egg-learn/node_modules/sequelize/lib/sequelize.js:631:30)
From previous event:
    at Sequelize.query (/Users/zhudapeng/Desktop/egg-learn/node_modules/sequelize/lib/sequelize.js:580:23)
    at QueryInterface.select (/Users/zhudapeng/Desktop/egg-learn/node_modules/sequelize/lib/query-interface.js:1120:27)
    at Promise.try.then.then.then (/Users/zhudapeng/Desktop/egg-learn/node_modules/sequelize/lib/model.js:1756:34)
    at runCallback (timers.js:705:18)
    at tryOnImmediate (timers.js:676:5)
    at processImmediate (timers.js:658:5)
From previous event:
    at Function.findAll (/Users/zhudapeng/Desktop/egg-learn/node_modules/sequelize/lib/model.js:1754:8)
    at Tester.getByPager (/Users/zhudapeng/Desktop/egg-learn/app/controller/tester.ts:137:30)
    at Object.callFn (/Users/zhudapeng/Desktop/egg-learn/node_modules/egg-core/lib/utils/index.js:44:21)
    at Object.classControllerMiddleware (/Users/zhudapeng/Desktop/egg-learn/node_modules/egg-core/lib/loader/mixin/controller.js:87:20)
    at Object.callFn (/Users/zhudapeng/Desktop/egg-learn/node_modules/@eggjs/router/lib/utils.js:12:21)
    at wrappedController (/Users/zhudapeng/Desktop/egg-learn/node_modules/@eggjs/router/lib/egg_router.js:322:18)
    at dispatch (/Users/zhudapeng/Desktop/egg-learn/node_modules/koa-compose/index.js:44:32)
    at next (/Users/zhudapeng/Desktop/egg-learn/node_modules/koa-compose/index.js:45:18)
    at /Users/zhudapeng/Desktop/egg-learn/node_modules/@eggjs/router/lib/router.js:190:18
    at dispatch (/Users/zhudapeng/Desktop/egg-learn/node_modules/koa-compose/index.js:44:32)
    at /Users/zhudapeng/Desktop/egg-learn/node_modules/koa-compose/index.js:36:12
    at dispatch (/Users/zhudapeng/Desktop/egg-learn/node_modules/@eggjs/router/lib/router.js:195:33)
    at dispatch (/Users/zhudapeng/Desktop/egg-learn/node_modules/koa/node_modules/koa-compose/index.js:42:32)
    at /Users/zhudapeng/Desktop/egg-learn/node_modules/egg-development/app/middleware/egg_loader_trace.js:9:56
    at dispatch (/Users/zhudapeng/Desktop/egg-learn/node_modules/koa/node_modules/koa-compose/index.js:42:32)
    at i18n (/Users/zhudapeng/Desktop/egg-learn/node_modules/egg-i18n/app/middleware/i18n.js:13:12)
    at dispatch (/Users/zhudapeng/Desktop/egg-learn/node_modules/koa/node_modules/koa-compose/index.js:42:32)
    at dispatch (/Users/zhudapeng/Desktop/egg-learn/node_modules/egg-security/node_modules/koa-compose/index.js:42:32)
    at dta (/Users/zhudapeng/Desktop/egg-learn/node_modules/egg-security/lib/middlewares/dta.js:12:12)
    at dispatch (/Users/zhudapeng/Desktop/egg-learn/node_modules/egg-security/node_modules/koa-compose/index.js:42:32)
    at xframe (/Users/zhudapeng/Desktop/egg-learn/node_modules/egg-security/lib/middlewares/xframe.js:7:11)
    at dispatch (/Users/zhudapeng/Desktop/egg-learn/node_modules/egg-security/node_modules/koa-compose/index.js:42:32)
    at xssProtection (/Users/zhudapeng/Desktop/egg-learn/node_modules/egg-security/lib/middlewares/xssProtection.js:7:11)
    at dispatch (/Users/zhudapeng/Desktop/egg-learn/node_modules/egg-security/node_modules/koa-compose/index.js:42:32)
    at nosniff (/Users/zhudapeng/Desktop/egg-learn/node_modules/egg-security/lib/middlewares/nosniff.js:8:11)
name: "SequelizeDatabaseError"
parent: {"code":"ER_PARSE_ERROR","errno":1064,"sqlState":"42000","sqlMessage":"You have an error in your SQL syntax; check the manual that corresponds to your MySQL server version for the right syntax to use near ''5'' at line 1","sql":"SELECT `id`, `name`, `age`, `address` FROM `user` AS `user` LIMIT 0, '5';"}
original: {"code":"ER_PARSE_ERROR","errno":1064,"sqlState":"42000","sqlMessage":"You have an error in your SQL syntax; check the manual that corresponds to your MySQL server version for the right syntax to use near ''5'' at line 1","sql":"SELECT `id`, `name`, `age`, `address` FROM `user` AS `user` LIMIT 0, '5';"}
sql: "SELECT `id`, `name`, `age`, `address` FROM `user` AS `user` LIMIT 0, '5';"
parameters: undefined
pid: 1241
hostname: zhudapengdeMacBook-Pro.local

2019-10-04 12:11:30,350 ERROR 1250 [-/127.0.0.1/-/44ms GET /tester/getByPager?pageIndex=1&pageSize=5] nodejs.SequelizeDatabaseError: You have an error in your SQL syntax; check the manual that corresponds to your MySQL server version for the right syntax to use near ''5'' at line 1
    at Query.formatError (/Users/zhudapeng/Desktop/egg-learn/node_modules/sequelize/lib/dialects/mysql/query.js:244:16)
    at Query.handler [as onResult] (/Users/zhudapeng/Desktop/egg-learn/node_modules/sequelize/lib/dialects/mysql/query.js:51:23)
    at Query.execute (/Users/zhudapeng/Desktop/egg-learn/node_modules/mysql2/lib/commands/command.js:30:14)
    at Connection.handlePacket (/Users/zhudapeng/Desktop/egg-learn/node_modules/mysql2/lib/connection.js:408:32)
    at PacketParser.Connection.packetParser.p [as onPacket] (/Users/zhudapeng/Desktop/egg-learn/node_modules/mysql2/lib/connection.js:70:12)
    at PacketParser.executeStart (/Users/zhudapeng/Desktop/egg-learn/node_modules/mysql2/lib/packet_parser.js:75:16)
    at Socket.Connection.stream.on.data (/Users/zhudapeng/Desktop/egg-learn/node_modules/mysql2/lib/connection.js:77:25)
    at Socket.emit (events.js:189:13)
    at addChunk (_stream_readable.js:284:12)
    at readableAddChunk (_stream_readable.js:265:11)
    at Socket.Readable.push (_stream_readable.js:220:10)
    at TCP.onStreamRead [as onread] (internal/stream_base_commons.js:94:17)
From previous event:
    at Query.run (/Users/zhudapeng/Desktop/egg-learn/node_modules/sequelize/lib/dialects/mysql/query.js:39:12)
    at runHooks.then.then (/Users/zhudapeng/Desktop/egg-learn/node_modules/sequelize/lib/sequelize.js:645:29)
From previous event:
    at Promise.try.then.connection (/Users/zhudapeng/Desktop/egg-learn/node_modules/sequelize/lib/sequelize.js:645:12)
From previous event:
    at Promise.resolve.retry (/Users/zhudapeng/Desktop/egg-learn/node_modules/sequelize/lib/sequelize.js:641:10)
    at /Users/zhudapeng/Desktop/egg-learn/node_modules/retry-as-promised/index.js:70:21
    at new Promise (<anonymous>)
    at retryAsPromised (/Users/zhudapeng/Desktop/egg-learn/node_modules/retry-as-promised/index.js:60:10)
    at Promise.try (/Users/zhudapeng/Desktop/egg-learn/node_modules/sequelize/lib/sequelize.js:631:30)
From previous event:
    at Sequelize.query (/Users/zhudapeng/Desktop/egg-learn/node_modules/sequelize/lib/sequelize.js:580:23)
    at QueryInterface.select (/Users/zhudapeng/Desktop/egg-learn/node_modules/sequelize/lib/query-interface.js:1120:27)
    at Promise.try.then.then.then (/Users/zhudapeng/Desktop/egg-learn/node_modules/sequelize/lib/model.js:1756:34)
    at runCallback (timers.js:705:18)
    at tryOnImmediate (timers.js:676:5)
    at processImmediate (timers.js:658:5)
From previous event:
    at Function.findAll (/Users/zhudapeng/Desktop/egg-learn/node_modules/sequelize/lib/model.js:1754:8)
    at Tester.getByPager (/Users/zhudapeng/Desktop/egg-learn/app/controller/tester.ts:138:30)
    at Object.callFn (/Users/zhudapeng/Desktop/egg-learn/node_modules/egg-core/lib/utils/index.js:44:21)
    at Object.classControllerMiddleware (/Users/zhudapeng/Desktop/egg-learn/node_modules/egg-core/lib/loader/mixin/controller.js:87:20)
    at Object.callFn (/Users/zhudapeng/Desktop/egg-learn/node_modules/@eggjs/router/lib/utils.js:12:21)
    at wrappedController (/Users/zhudapeng/Desktop/egg-learn/node_modules/@eggjs/router/lib/egg_router.js:322:18)
    at dispatch (/Users/zhudapeng/Desktop/egg-learn/node_modules/koa-compose/index.js:44:32)
    at next (/Users/zhudapeng/Desktop/egg-learn/node_modules/koa-compose/index.js:45:18)
    at /Users/zhudapeng/Desktop/egg-learn/node_modules/@eggjs/router/lib/router.js:190:18
    at dispatch (/Users/zhudapeng/Desktop/egg-learn/node_modules/koa-compose/index.js:44:32)
    at /Users/zhudapeng/Desktop/egg-learn/node_modules/koa-compose/index.js:36:12
    at dispatch (/Users/zhudapeng/Desktop/egg-learn/node_modules/@eggjs/router/lib/router.js:195:33)
    at dispatch (/Users/zhudapeng/Desktop/egg-learn/node_modules/koa/node_modules/koa-compose/index.js:42:32)
    at /Users/zhudapeng/Desktop/egg-learn/node_modules/egg-development/app/middleware/egg_loader_trace.js:9:56
    at dispatch (/Users/zhudapeng/Desktop/egg-learn/node_modules/koa/node_modules/koa-compose/index.js:42:32)
    at i18n (/Users/zhudapeng/Desktop/egg-learn/node_modules/egg-i18n/app/middleware/i18n.js:13:12)
    at dispatch (/Users/zhudapeng/Desktop/egg-learn/node_modules/koa/node_modules/koa-compose/index.js:42:32)
    at dispatch (/Users/zhudapeng/Desktop/egg-learn/node_modules/egg-security/node_modules/koa-compose/index.js:42:32)
    at dta (/Users/zhudapeng/Desktop/egg-learn/node_modules/egg-security/lib/middlewares/dta.js:12:12)
    at dispatch (/Users/zhudapeng/Desktop/egg-learn/node_modules/egg-security/node_modules/koa-compose/index.js:42:32)
    at xframe (/Users/zhudapeng/Desktop/egg-learn/node_modules/egg-security/lib/middlewares/xframe.js:7:11)
    at dispatch (/Users/zhudapeng/Desktop/egg-learn/node_modules/egg-security/node_modules/koa-compose/index.js:42:32)
    at xssProtection (/Users/zhudapeng/Desktop/egg-learn/node_modules/egg-security/lib/middlewares/xssProtection.js:7:11)
    at dispatch (/Users/zhudapeng/Desktop/egg-learn/node_modules/egg-security/node_modules/koa-compose/index.js:42:32)
    at nosniff (/Users/zhudapeng/Desktop/egg-learn/node_modules/egg-security/lib/middlewares/nosniff.js:8:11)
name: "SequelizeDatabaseError"
parent: {"code":"ER_PARSE_ERROR","errno":1064,"sqlState":"42000","sqlMessage":"You have an error in your SQL syntax; check the manual that corresponds to your MySQL server version for the right syntax to use near ''5'' at line 1","sql":"SELECT `id`, `name`, `age`, `address` FROM `user` AS `user` LIMIT 0, '5';"}
original: {"code":"ER_PARSE_ERROR","errno":1064,"sqlState":"42000","sqlMessage":"You have an error in your SQL syntax; check the manual that corresponds to your MySQL server version for the right syntax to use near ''5'' at line 1","sql":"SELECT `id`, `name`, `age`, `address` FROM `user` AS `user` LIMIT 0, '5';"}
sql: "SELECT `id`, `name`, `age`, `address` FROM `user` AS `user` LIMIT 0, '5';"
parameters: undefined
pid: 1250
hostname: zhudapengdeMacBook-Pro.local

2019-10-04 12:59:05,143 ERROR 1214 nodejs.ClusterClientNoResponseError: client no response in 1302995ms exceeding maxIdleTime 60000ms, maybe the connection is close on other side.
    at Timeout.Leader._heartbeatTimer.setInterval [as _onTimeout] (/Users/zhudapeng/Desktop/egg-learn/node_modules/cluster-client/lib/leader.js:77:23)
    at ontimeout (timers.js:436:11)
    at tryOnTimeout (timers.js:300:5)
    at listOnTimeout (timers.js:263:5)
    at Timer.processTimers (timers.js:223:10)
name: "ClusterClientNoResponseError"
pid: 1214
hostname: zhudapengdeMacBook-Pro.local

2019-10-04 13:03:12,023 ERROR 1294 [-/127.0.0.1/-/51ms GET /tester/getByPager?pageIndex=1&pageSize=5] nodejs.SequelizeDatabaseError: You have an error in your SQL syntax; check the manual that corresponds to your MySQL server version for the right syntax to use near ''5'' at line 1
    at Query.formatError (/Users/zhudapeng/Desktop/egg-learn/node_modules/sequelize/lib/dialects/mysql/query.js:244:16)
    at Query.handler [as onResult] (/Users/zhudapeng/Desktop/egg-learn/node_modules/sequelize/lib/dialects/mysql/query.js:51:23)
    at Query.execute (/Users/zhudapeng/Desktop/egg-learn/node_modules/mysql2/lib/commands/command.js:30:14)
    at Connection.handlePacket (/Users/zhudapeng/Desktop/egg-learn/node_modules/mysql2/lib/connection.js:408:32)
    at PacketParser.Connection.packetParser.p [as onPacket] (/Users/zhudapeng/Desktop/egg-learn/node_modules/mysql2/lib/connection.js:70:12)
    at PacketParser.executeStart (/Users/zhudapeng/Desktop/egg-learn/node_modules/mysql2/lib/packet_parser.js:75:16)
    at Socket.Connection.stream.on.data (/Users/zhudapeng/Desktop/egg-learn/node_modules/mysql2/lib/connection.js:77:25)
    at Socket.emit (events.js:189:13)
    at addChunk (_stream_readable.js:284:12)
    at readableAddChunk (_stream_readable.js:265:11)
    at Socket.Readable.push (_stream_readable.js:220:10)
    at TCP.onStreamRead [as onread] (internal/stream_base_commons.js:94:17)
From previous event:
    at Query.run (/Users/zhudapeng/Desktop/egg-learn/node_modules/sequelize/lib/dialects/mysql/query.js:39:12)
    at runHooks.then.then (/Users/zhudapeng/Desktop/egg-learn/node_modules/sequelize/lib/sequelize.js:645:29)
From previous event:
    at Promise.try.then.connection (/Users/zhudapeng/Desktop/egg-learn/node_modules/sequelize/lib/sequelize.js:645:12)
From previous event:
    at Promise.resolve.retry (/Users/zhudapeng/Desktop/egg-learn/node_modules/sequelize/lib/sequelize.js:641:10)
    at /Users/zhudapeng/Desktop/egg-learn/node_modules/retry-as-promised/index.js:70:21
    at new Promise (<anonymous>)
    at retryAsPromised (/Users/zhudapeng/Desktop/egg-learn/node_modules/retry-as-promised/index.js:60:10)
    at Promise.try (/Users/zhudapeng/Desktop/egg-learn/node_modules/sequelize/lib/sequelize.js:631:30)
From previous event:
    at Sequelize.query (/Users/zhudapeng/Desktop/egg-learn/node_modules/sequelize/lib/sequelize.js:580:23)
    at QueryInterface.select (/Users/zhudapeng/Desktop/egg-learn/node_modules/sequelize/lib/query-interface.js:1120:27)
    at Promise.try.then.then.then (/Users/zhudapeng/Desktop/egg-learn/node_modules/sequelize/lib/model.js:1756:34)
    at runCallback (timers.js:705:18)
    at tryOnImmediate (timers.js:676:5)
    at processImmediate (timers.js:658:5)
From previous event:
    at Function.findAll (/Users/zhudapeng/Desktop/egg-learn/node_modules/sequelize/lib/model.js:1754:8)
    at Tester.getByPager (/Users/zhudapeng/Desktop/egg-learn/app/controller/tester.ts:137:30)
    at Object.callFn (/Users/zhudapeng/Desktop/egg-learn/node_modules/egg-core/lib/utils/index.js:44:21)
    at Object.classControllerMiddleware (/Users/zhudapeng/Desktop/egg-learn/node_modules/egg-core/lib/loader/mixin/controller.js:87:20)
    at Object.callFn (/Users/zhudapeng/Desktop/egg-learn/node_modules/@eggjs/router/lib/utils.js:12:21)
    at wrappedController (/Users/zhudapeng/Desktop/egg-learn/node_modules/@eggjs/router/lib/egg_router.js:322:18)
    at dispatch (/Users/zhudapeng/Desktop/egg-learn/node_modules/koa-compose/index.js:44:32)
    at next (/Users/zhudapeng/Desktop/egg-learn/node_modules/koa-compose/index.js:45:18)
    at /Users/zhudapeng/Desktop/egg-learn/node_modules/@eggjs/router/lib/router.js:190:18
    at dispatch (/Users/zhudapeng/Desktop/egg-learn/node_modules/koa-compose/index.js:44:32)
    at /Users/zhudapeng/Desktop/egg-learn/node_modules/koa-compose/index.js:36:12
    at dispatch (/Users/zhudapeng/Desktop/egg-learn/node_modules/@eggjs/router/lib/router.js:195:33)
    at dispatch (/Users/zhudapeng/Desktop/egg-learn/node_modules/koa/node_modules/koa-compose/index.js:42:32)
    at /Users/zhudapeng/Desktop/egg-learn/node_modules/egg-development/app/middleware/egg_loader_trace.js:9:56
    at dispatch (/Users/zhudapeng/Desktop/egg-learn/node_modules/koa/node_modules/koa-compose/index.js:42:32)
    at i18n (/Users/zhudapeng/Desktop/egg-learn/node_modules/egg-i18n/app/middleware/i18n.js:13:12)
    at dispatch (/Users/zhudapeng/Desktop/egg-learn/node_modules/koa/node_modules/koa-compose/index.js:42:32)
    at dispatch (/Users/zhudapeng/Desktop/egg-learn/node_modules/egg-security/node_modules/koa-compose/index.js:42:32)
    at dta (/Users/zhudapeng/Desktop/egg-learn/node_modules/egg-security/lib/middlewares/dta.js:12:12)
    at dispatch (/Users/zhudapeng/Desktop/egg-learn/node_modules/egg-security/node_modules/koa-compose/index.js:42:32)
    at xframe (/Users/zhudapeng/Desktop/egg-learn/node_modules/egg-security/lib/middlewares/xframe.js:7:11)
    at dispatch (/Users/zhudapeng/Desktop/egg-learn/node_modules/egg-security/node_modules/koa-compose/index.js:42:32)
    at xssProtection (/Users/zhudapeng/Desktop/egg-learn/node_modules/egg-security/lib/middlewares/xssProtection.js:7:11)
    at dispatch (/Users/zhudapeng/Desktop/egg-learn/node_modules/egg-security/node_modules/koa-compose/index.js:42:32)
    at nosniff (/Users/zhudapeng/Desktop/egg-learn/node_modules/egg-security/lib/middlewares/nosniff.js:8:11)
name: "SequelizeDatabaseError"
parent: {"code":"ER_PARSE_ERROR","errno":1064,"sqlState":"42000","sqlMessage":"You have an error in your SQL syntax; check the manual that corresponds to your MySQL server version for the right syntax to use near ''5'' at line 1","sql":"SELECT `id`, `name`, `age`, `address` FROM `user` AS `user` LIMIT 0, '5';"}
original: {"code":"ER_PARSE_ERROR","errno":1064,"sqlState":"42000","sqlMessage":"You have an error in your SQL syntax; check the manual that corresponds to your MySQL server version for the right syntax to use near ''5'' at line 1","sql":"SELECT `id`, `name`, `age`, `address` FROM `user` AS `user` LIMIT 0, '5';"}
sql: "SELECT `id`, `name`, `age`, `address` FROM `user` AS `user` LIMIT 0, '5';"
parameters: undefined
pid: 1294
hostname: zhudapengdeMacBook-Pro.local

2019-10-04 13:30:54,773 ERROR 1214 nodejs.ClusterClientNoResponseError: client no response in 1197791ms exceeding maxIdleTime 60000ms, maybe the connection is close on other side.
    at Timeout.Leader._heartbeatTimer.setInterval [as _onTimeout] (/Users/zhudapeng/Desktop/egg-learn/node_modules/cluster-client/lib/leader.js:77:23)
    at ontimeout (timers.js:436:11)
    at tryOnTimeout (timers.js:300:5)
    at listOnTimeout (timers.js:263:5)
    at Timer.processTimers (timers.js:223:10)
name: "ClusterClientNoResponseError"
pid: 1214
hostname: zhudapengdeMacBook-Pro.local

2019-10-04 19:38:53,156 ERROR 1214 nodejs.ClusterClientNoResponseError: client no response in 22058369ms exceeding maxIdleTime 60000ms, maybe the connection is close on other side.
    at Timeout.Leader._heartbeatTimer.setInterval [as _onTimeout] (/Users/zhudapeng/Desktop/egg-learn/node_modules/cluster-client/lib/leader.js:77:23)
    at ontimeout (timers.js:436:11)
    at tryOnTimeout (timers.js:300:5)
    at listOnTimeout (timers.js:263:5)
    at Timer.processTimers (timers.js:223:10)
name: "ClusterClientNoResponseError"
pid: 1214
hostname: zhudapengdeMacBook-Pro.local

2019-10-04 19:45:18,303 ERROR 1381 [-/127.0.0.1/-/58ms GET /tester/getByPager?pageIndex=1&pageSize=5] nodejs.SequelizeDatabaseError: You have an error in your SQL syntax; check the manual that corresponds to your MySQL server version for the right syntax to use near ''(1 - 1) * 5, 5'' at line 1
    at Query.formatError (/Users/zhudapeng/Desktop/egg-learn/node_modules/sequelize/lib/dialects/mysql/query.js:244:16)
    at Query.handler [as onResult] (/Users/zhudapeng/Desktop/egg-learn/node_modules/sequelize/lib/dialects/mysql/query.js:51:23)
    at Query.execute (/Users/zhudapeng/Desktop/egg-learn/node_modules/mysql2/lib/commands/command.js:30:14)
    at Connection.handlePacket (/Users/zhudapeng/Desktop/egg-learn/node_modules/mysql2/lib/connection.js:408:32)
    at PacketParser.Connection.packetParser.p [as onPacket] (/Users/zhudapeng/Desktop/egg-learn/node_modules/mysql2/lib/connection.js:70:12)
    at PacketParser.executeStart (/Users/zhudapeng/Desktop/egg-learn/node_modules/mysql2/lib/packet_parser.js:75:16)
    at Socket.Connection.stream.on.data (/Users/zhudapeng/Desktop/egg-learn/node_modules/mysql2/lib/connection.js:77:25)
    at Socket.emit (events.js:189:13)
    at addChunk (_stream_readable.js:284:12)
    at readableAddChunk (_stream_readable.js:265:11)
    at Socket.Readable.push (_stream_readable.js:220:10)
    at TCP.onStreamRead [as onread] (internal/stream_base_commons.js:94:17)
From previous event:
    at Query.run (/Users/zhudapeng/Desktop/egg-learn/node_modules/sequelize/lib/dialects/mysql/query.js:39:12)
    at runHooks.then.then (/Users/zhudapeng/Desktop/egg-learn/node_modules/sequelize/lib/sequelize.js:645:29)
From previous event:
    at Promise.try.then.connection (/Users/zhudapeng/Desktop/egg-learn/node_modules/sequelize/lib/sequelize.js:645:12)
From previous event:
    at Promise.resolve.retry (/Users/zhudapeng/Desktop/egg-learn/node_modules/sequelize/lib/sequelize.js:641:10)
    at /Users/zhudapeng/Desktop/egg-learn/node_modules/retry-as-promised/index.js:70:21
    at new Promise (<anonymous>)
    at retryAsPromised (/Users/zhudapeng/Desktop/egg-learn/node_modules/retry-as-promised/index.js:60:10)
    at Promise.try (/Users/zhudapeng/Desktop/egg-learn/node_modules/sequelize/lib/sequelize.js:631:30)
From previous event:
    at Sequelize.query (/Users/zhudapeng/Desktop/egg-learn/node_modules/sequelize/lib/sequelize.js:580:23)
    at QueryInterface.select (/Users/zhudapeng/Desktop/egg-learn/node_modules/sequelize/lib/query-interface.js:1120:27)
    at Promise.try.then.then.then (/Users/zhudapeng/Desktop/egg-learn/node_modules/sequelize/lib/model.js:1756:34)
    at runCallback (timers.js:705:18)
    at tryOnImmediate (timers.js:676:5)
    at processImmediate (timers.js:658:5)
From previous event:
    at Function.findAll (/Users/zhudapeng/Desktop/egg-learn/node_modules/sequelize/lib/model.js:1754:8)
    at Tester.getByPager (/Users/zhudapeng/Desktop/egg-learn/app/controller/tester.ts:138:30)
    at Object.callFn (/Users/zhudapeng/Desktop/egg-learn/node_modules/egg-core/lib/utils/index.js:44:21)
    at Object.classControllerMiddleware (/Users/zhudapeng/Desktop/egg-learn/node_modules/egg-core/lib/loader/mixin/controller.js:87:20)
    at Object.callFn (/Users/zhudapeng/Desktop/egg-learn/node_modules/@eggjs/router/lib/utils.js:12:21)
    at wrappedController (/Users/zhudapeng/Desktop/egg-learn/node_modules/@eggjs/router/lib/egg_router.js:322:18)
    at dispatch (/Users/zhudapeng/Desktop/egg-learn/node_modules/koa-compose/index.js:44:32)
    at next (/Users/zhudapeng/Desktop/egg-learn/node_modules/koa-compose/index.js:45:18)
    at /Users/zhudapeng/Desktop/egg-learn/node_modules/@eggjs/router/lib/router.js:190:18
    at dispatch (/Users/zhudapeng/Desktop/egg-learn/node_modules/koa-compose/index.js:44:32)
    at /Users/zhudapeng/Desktop/egg-learn/node_modules/koa-compose/index.js:36:12
    at dispatch (/Users/zhudapeng/Desktop/egg-learn/node_modules/@eggjs/router/lib/router.js:195:33)
    at dispatch (/Users/zhudapeng/Desktop/egg-learn/node_modules/koa/node_modules/koa-compose/index.js:42:32)
    at /Users/zhudapeng/Desktop/egg-learn/node_modules/egg-development/app/middleware/egg_loader_trace.js:9:56
    at dispatch (/Users/zhudapeng/Desktop/egg-learn/node_modules/koa/node_modules/koa-compose/index.js:42:32)
    at i18n (/Users/zhudapeng/Desktop/egg-learn/node_modules/egg-i18n/app/middleware/i18n.js:13:12)
    at dispatch (/Users/zhudapeng/Desktop/egg-learn/node_modules/koa/node_modules/koa-compose/index.js:42:32)
    at dispatch (/Users/zhudapeng/Desktop/egg-learn/node_modules/egg-security/node_modules/koa-compose/index.js:42:32)
    at dta (/Users/zhudapeng/Desktop/egg-learn/node_modules/egg-security/lib/middlewares/dta.js:12:12)
    at dispatch (/Users/zhudapeng/Desktop/egg-learn/node_modules/egg-security/node_modules/koa-compose/index.js:42:32)
    at xframe (/Users/zhudapeng/Desktop/egg-learn/node_modules/egg-security/lib/middlewares/xframe.js:7:11)
    at dispatch (/Users/zhudapeng/Desktop/egg-learn/node_modules/egg-security/node_modules/koa-compose/index.js:42:32)
    at xssProtection (/Users/zhudapeng/Desktop/egg-learn/node_modules/egg-security/lib/middlewares/xssProtection.js:7:11)
    at dispatch (/Users/zhudapeng/Desktop/egg-learn/node_modules/egg-security/node_modules/koa-compose/index.js:42:32)
    at nosniff (/Users/zhudapeng/Desktop/egg-learn/node_modules/egg-security/lib/middlewares/nosniff.js:8:11)
name: "SequelizeDatabaseError"
parent: {"code":"ER_PARSE_ERROR","errno":1064,"sqlState":"42000","sqlMessage":"You have an error in your SQL syntax; check the manual that corresponds to your MySQL server version for the right syntax to use near ''(1 - 1) * 5, 5'' at line 1","sql":"SELECT `id`, `name`, `age`, `address` FROM `user` AS `user` LIMIT '(1 - 1) * 5, 5';"}
original: {"code":"ER_PARSE_ERROR","errno":1064,"sqlState":"42000","sqlMessage":"You have an error in your SQL syntax; check the manual that corresponds to your MySQL server version for the right syntax to use near ''(1 - 1) * 5, 5'' at line 1","sql":"SELECT `id`, `name`, `age`, `address` FROM `user` AS `user` LIMIT '(1 - 1) * 5, 5';"}
sql: "SELECT `id`, `name`, `age`, `address` FROM `user` AS `user` LIMIT '(1 - 1) * 5, 5';"
parameters: undefined
pid: 1381
hostname: zhudapengdeMacBook-Pro.local

2019-10-04 19:46:50,825 ERROR 1383 [-/127.0.0.1/-/57ms GET /tester/getByPager?pageIndex=1&pageSize=5] nodejs.SequelizeDatabaseError: You have an error in your SQL syntax; check the manual that corresponds to your MySQL server version for the right syntax to use near ''5'' at line 1
    at Query.formatError (/Users/zhudapeng/Desktop/egg-learn/node_modules/sequelize/lib/dialects/mysql/query.js:244:16)
    at Query.handler [as onResult] (/Users/zhudapeng/Desktop/egg-learn/node_modules/sequelize/lib/dialects/mysql/query.js:51:23)
    at Query.execute (/Users/zhudapeng/Desktop/egg-learn/node_modules/mysql2/lib/commands/command.js:30:14)
    at Connection.handlePacket (/Users/zhudapeng/Desktop/egg-learn/node_modules/mysql2/lib/connection.js:408:32)
    at PacketParser.Connection.packetParser.p [as onPacket] (/Users/zhudapeng/Desktop/egg-learn/node_modules/mysql2/lib/connection.js:70:12)
    at PacketParser.executeStart (/Users/zhudapeng/Desktop/egg-learn/node_modules/mysql2/lib/packet_parser.js:75:16)
    at Socket.Connection.stream.on.data (/Users/zhudapeng/Desktop/egg-learn/node_modules/mysql2/lib/connection.js:77:25)
    at Socket.emit (events.js:189:13)
    at addChunk (_stream_readable.js:284:12)
    at readableAddChunk (_stream_readable.js:265:11)
    at Socket.Readable.push (_stream_readable.js:220:10)
    at TCP.onStreamRead [as onread] (internal/stream_base_commons.js:94:17)
From previous event:
    at Query.run (/Users/zhudapeng/Desktop/egg-learn/node_modules/sequelize/lib/dialects/mysql/query.js:39:12)
    at runHooks.then.then (/Users/zhudapeng/Desktop/egg-learn/node_modules/sequelize/lib/sequelize.js:645:29)
From previous event:
    at Promise.try.then.connection (/Users/zhudapeng/Desktop/egg-learn/node_modules/sequelize/lib/sequelize.js:645:12)
From previous event:
    at Promise.resolve.retry (/Users/zhudapeng/Desktop/egg-learn/node_modules/sequelize/lib/sequelize.js:641:10)
    at /Users/zhudapeng/Desktop/egg-learn/node_modules/retry-as-promised/index.js:70:21
    at new Promise (<anonymous>)
    at retryAsPromised (/Users/zhudapeng/Desktop/egg-learn/node_modules/retry-as-promised/index.js:60:10)
    at Promise.try (/Users/zhudapeng/Desktop/egg-learn/node_modules/sequelize/lib/sequelize.js:631:30)
From previous event:
    at Sequelize.query (/Users/zhudapeng/Desktop/egg-learn/node_modules/sequelize/lib/sequelize.js:580:23)
    at QueryInterface.select (/Users/zhudapeng/Desktop/egg-learn/node_modules/sequelize/lib/query-interface.js:1120:27)
    at Promise.try.then.then.then (/Users/zhudapeng/Desktop/egg-learn/node_modules/sequelize/lib/model.js:1756:34)
    at runCallback (timers.js:705:18)
    at tryOnImmediate (timers.js:676:5)
    at processImmediate (timers.js:658:5)
From previous event:
    at Function.findAll (/Users/zhudapeng/Desktop/egg-learn/node_modules/sequelize/lib/model.js:1754:8)
    at Tester.getByPager (/Users/zhudapeng/Desktop/egg-learn/app/controller/tester.ts:138:30)
    at Object.callFn (/Users/zhudapeng/Desktop/egg-learn/node_modules/egg-core/lib/utils/index.js:44:21)
    at Object.classControllerMiddleware (/Users/zhudapeng/Desktop/egg-learn/node_modules/egg-core/lib/loader/mixin/controller.js:87:20)
    at Object.callFn (/Users/zhudapeng/Desktop/egg-learn/node_modules/@eggjs/router/lib/utils.js:12:21)
    at wrappedController (/Users/zhudapeng/Desktop/egg-learn/node_modules/@eggjs/router/lib/egg_router.js:322:18)
    at dispatch (/Users/zhudapeng/Desktop/egg-learn/node_modules/koa-compose/index.js:44:32)
    at next (/Users/zhudapeng/Desktop/egg-learn/node_modules/koa-compose/index.js:45:18)
    at /Users/zhudapeng/Desktop/egg-learn/node_modules/@eggjs/router/lib/router.js:190:18
    at dispatch (/Users/zhudapeng/Desktop/egg-learn/node_modules/koa-compose/index.js:44:32)
    at /Users/zhudapeng/Desktop/egg-learn/node_modules/koa-compose/index.js:36:12
    at dispatch (/Users/zhudapeng/Desktop/egg-learn/node_modules/@eggjs/router/lib/router.js:195:33)
    at dispatch (/Users/zhudapeng/Desktop/egg-learn/node_modules/koa/node_modules/koa-compose/index.js:42:32)
    at /Users/zhudapeng/Desktop/egg-learn/node_modules/egg-development/app/middleware/egg_loader_trace.js:9:56
    at dispatch (/Users/zhudapeng/Desktop/egg-learn/node_modules/koa/node_modules/koa-compose/index.js:42:32)
    at i18n (/Users/zhudapeng/Desktop/egg-learn/node_modules/egg-i18n/app/middleware/i18n.js:13:12)
    at dispatch (/Users/zhudapeng/Desktop/egg-learn/node_modules/koa/node_modules/koa-compose/index.js:42:32)
    at dispatch (/Users/zhudapeng/Desktop/egg-learn/node_modules/egg-security/node_modules/koa-compose/index.js:42:32)
    at dta (/Users/zhudapeng/Desktop/egg-learn/node_modules/egg-security/lib/middlewares/dta.js:12:12)
    at dispatch (/Users/zhudapeng/Desktop/egg-learn/node_modules/egg-security/node_modules/koa-compose/index.js:42:32)
    at xframe (/Users/zhudapeng/Desktop/egg-learn/node_modules/egg-security/lib/middlewares/xframe.js:7:11)
    at dispatch (/Users/zhudapeng/Desktop/egg-learn/node_modules/egg-security/node_modules/koa-compose/index.js:42:32)
    at xssProtection (/Users/zhudapeng/Desktop/egg-learn/node_modules/egg-security/lib/middlewares/xssProtection.js:7:11)
    at dispatch (/Users/zhudapeng/Desktop/egg-learn/node_modules/egg-security/node_modules/koa-compose/index.js:42:32)
    at nosniff (/Users/zhudapeng/Desktop/egg-learn/node_modules/egg-security/lib/middlewares/nosniff.js:8:11)
name: "SequelizeDatabaseError"
parent: {"code":"ER_PARSE_ERROR","errno":1064,"sqlState":"42000","sqlMessage":"You have an error in your SQL syntax; check the manual that corresponds to your MySQL server version for the right syntax to use near ''5'' at line 1","sql":"SELECT `id`, `name`, `age`, `address` FROM `user` AS `user` LIMIT '5';"}
original: {"code":"ER_PARSE_ERROR","errno":1064,"sqlState":"42000","sqlMessage":"You have an error in your SQL syntax; check the manual that corresponds to your MySQL server version for the right syntax to use near ''5'' at line 1","sql":"SELECT `id`, `name`, `age`, `address` FROM `user` AS `user` LIMIT '5';"}
sql: "SELECT `id`, `name`, `age`, `address` FROM `user` AS `user` LIMIT '5';"
parameters: undefined
pid: 1383
hostname: zhudapengdeMacBook-Pro.local

2019-10-04 19:49:20,795 ERROR 1395 [-/127.0.0.1/-/13ms GET /tester/getByPager?pageIndex=1&pageSize=5] nodejs.TypeError: ctx.model.User.query is not a function
    at Tester.getByPager (/Users/zhudapeng/Desktop/egg-learn/app/controller/tester.ts:138:30)
    at Object.callFn (/Users/zhudapeng/Desktop/egg-learn/node_modules/egg-core/lib/utils/index.js:44:21)
    at Object.classControllerMiddleware (/Users/zhudapeng/Desktop/egg-learn/node_modules/egg-core/lib/loader/mixin/controller.js:87:20)
    at Object.callFn (/Users/zhudapeng/Desktop/egg-learn/node_modules/@eggjs/router/lib/utils.js:12:21)
    at wrappedController (/Users/zhudapeng/Desktop/egg-learn/node_modules/@eggjs/router/lib/egg_router.js:322:18)
    at dispatch (/Users/zhudapeng/Desktop/egg-learn/node_modules/koa-compose/index.js:44:32)
    at next (/Users/zhudapeng/Desktop/egg-learn/node_modules/koa-compose/index.js:45:18)
    at /Users/zhudapeng/Desktop/egg-learn/node_modules/@eggjs/router/lib/router.js:190:18
    at dispatch (/Users/zhudapeng/Desktop/egg-learn/node_modules/koa-compose/index.js:44:32)
    at /Users/zhudapeng/Desktop/egg-learn/node_modules/koa-compose/index.js:36:12
    at dispatch (/Users/zhudapeng/Desktop/egg-learn/node_modules/@eggjs/router/lib/router.js:195:33)
    at dispatch (/Users/zhudapeng/Desktop/egg-learn/node_modules/koa/node_modules/koa-compose/index.js:42:32)
    at /Users/zhudapeng/Desktop/egg-learn/node_modules/egg-development/app/middleware/egg_loader_trace.js:9:56
    at dispatch (/Users/zhudapeng/Desktop/egg-learn/node_modules/koa/node_modules/koa-compose/index.js:42:32)
    at i18n (/Users/zhudapeng/Desktop/egg-learn/node_modules/egg-i18n/app/middleware/i18n.js:13:12)
    at dispatch (/Users/zhudapeng/Desktop/egg-learn/node_modules/koa/node_modules/koa-compose/index.js:42:32)
    at dispatch (/Users/zhudapeng/Desktop/egg-learn/node_modules/egg-security/node_modules/koa-compose/index.js:42:32)
    at dta (/Users/zhudapeng/Desktop/egg-learn/node_modules/egg-security/lib/middlewares/dta.js:12:12)
    at dispatch (/Users/zhudapeng/Desktop/egg-learn/node_modules/egg-security/node_modules/koa-compose/index.js:42:32)
    at xframe (/Users/zhudapeng/Desktop/egg-learn/node_modules/egg-security/lib/middlewares/xframe.js:7:11)
    at dispatch (/Users/zhudapeng/Desktop/egg-learn/node_modules/egg-security/node_modules/koa-compose/index.js:42:32)
    at xssProtection (/Users/zhudapeng/Desktop/egg-learn/node_modules/egg-security/lib/middlewares/xssProtection.js:7:11)

pid: 1395
hostname: zhudapengdeMacBook-Pro.local

2019-10-04 20:38:01,855 ERROR 1533 [-/127.0.0.1/-/47ms GET /tester/query] nodejs.SequelizeDatabaseError: You have an error in your SQL syntax; check the manual that corresponds to your MySQL server version for the right syntax to use near ', 28 order by age' at line 1
    at Query.formatError (/Users/zhudapeng/Desktop/egg-learn/node_modules/sequelize/lib/dialects/mysql/query.js:244:16)
    at Query.handler [as onResult] (/Users/zhudapeng/Desktop/egg-learn/node_modules/sequelize/lib/dialects/mysql/query.js:51:23)
    at Query.execute (/Users/zhudapeng/Desktop/egg-learn/node_modules/mysql2/lib/commands/command.js:30:14)
    at Connection.handlePacket (/Users/zhudapeng/Desktop/egg-learn/node_modules/mysql2/lib/connection.js:408:32)
    at PacketParser.Connection.packetParser.p [as onPacket] (/Users/zhudapeng/Desktop/egg-learn/node_modules/mysql2/lib/connection.js:70:12)
    at PacketParser.executeStart (/Users/zhudapeng/Desktop/egg-learn/node_modules/mysql2/lib/packet_parser.js:75:16)
    at Socket.Connection.stream.on.data (/Users/zhudapeng/Desktop/egg-learn/node_modules/mysql2/lib/connection.js:77:25)
    at Socket.emit (events.js:189:13)
    at addChunk (_stream_readable.js:284:12)
    at readableAddChunk (_stream_readable.js:265:11)
    at Socket.Readable.push (_stream_readable.js:220:10)
    at TCP.onStreamRead [as onread] (internal/stream_base_commons.js:94:17)
From previous event:
    at Query.run (/Users/zhudapeng/Desktop/egg-learn/node_modules/sequelize/lib/dialects/mysql/query.js:39:12)
    at runHooks.then.then (/Users/zhudapeng/Desktop/egg-learn/node_modules/sequelize/lib/sequelize.js:645:29)
From previous event:
    at Promise.try.then.connection (/Users/zhudapeng/Desktop/egg-learn/node_modules/sequelize/lib/sequelize.js:645:12)
    at runCallback (timers.js:705:18)
    at tryOnImmediate (timers.js:676:5)
    at processImmediate (timers.js:658:5)
From previous event:
    at Promise.resolve.retry (/Users/zhudapeng/Desktop/egg-learn/node_modules/sequelize/lib/sequelize.js:641:10)
    at /Users/zhudapeng/Desktop/egg-learn/node_modules/retry-as-promised/index.js:70:21
    at new Promise (<anonymous>)
    at retryAsPromised (/Users/zhudapeng/Desktop/egg-learn/node_modules/retry-as-promised/index.js:60:10)
    at Promise.try (/Users/zhudapeng/Desktop/egg-learn/node_modules/sequelize/lib/sequelize.js:631:30)
    at Sequelize.query (/Users/zhudapeng/Desktop/egg-learn/node_modules/sequelize/lib/sequelize.js:580:23)
    at Tester.query (/Users/zhudapeng/Desktop/egg-learn/app/controller/tester.ts:155:25)
    at Object.callFn (/Users/zhudapeng/Desktop/egg-learn/node_modules/egg-core/lib/utils/index.js:44:21)
    at Object.classControllerMiddleware (/Users/zhudapeng/Desktop/egg-learn/node_modules/egg-core/lib/loader/mixin/controller.js:87:20)
    at Object.callFn (/Users/zhudapeng/Desktop/egg-learn/node_modules/@eggjs/router/lib/utils.js:12:21)
    at wrappedController (/Users/zhudapeng/Desktop/egg-learn/node_modules/@eggjs/router/lib/egg_router.js:322:18)
    at dispatch (/Users/zhudapeng/Desktop/egg-learn/node_modules/koa-compose/index.js:44:32)
    at next (/Users/zhudapeng/Desktop/egg-learn/node_modules/koa-compose/index.js:45:18)
    at /Users/zhudapeng/Desktop/egg-learn/node_modules/@eggjs/router/lib/router.js:190:18
    at dispatch (/Users/zhudapeng/Desktop/egg-learn/node_modules/koa-compose/index.js:44:32)
    at /Users/zhudapeng/Desktop/egg-learn/node_modules/koa-compose/index.js:36:12
    at dispatch (/Users/zhudapeng/Desktop/egg-learn/node_modules/@eggjs/router/lib/router.js:195:33)
    at dispatch (/Users/zhudapeng/Desktop/egg-learn/node_modules/koa/node_modules/koa-compose/index.js:42:32)
    at /Users/zhudapeng/Desktop/egg-learn/node_modules/egg-development/app/middleware/egg_loader_trace.js:9:56
    at dispatch (/Users/zhudapeng/Desktop/egg-learn/node_modules/koa/node_modules/koa-compose/index.js:42:32)
    at i18n (/Users/zhudapeng/Desktop/egg-learn/node_modules/egg-i18n/app/middleware/i18n.js:13:12)
    at dispatch (/Users/zhudapeng/Desktop/egg-learn/node_modules/koa/node_modules/koa-compose/index.js:42:32)
From previous event:
    at Sequelize.query (/Users/zhudapeng/Desktop/egg-learn/node_modules/sequelize/lib/sequelize.js:580:23)
    at Tester.query (/Users/zhudapeng/Desktop/egg-learn/app/controller/tester.ts:155:25)
    at Object.callFn (/Users/zhudapeng/Desktop/egg-learn/node_modules/egg-core/lib/utils/index.js:44:21)
    at Object.classControllerMiddleware (/Users/zhudapeng/Desktop/egg-learn/node_modules/egg-core/lib/loader/mixin/controller.js:87:20)
    at Object.callFn (/Users/zhudapeng/Desktop/egg-learn/node_modules/@eggjs/router/lib/utils.js:12:21)
    at wrappedController (/Users/zhudapeng/Desktop/egg-learn/node_modules/@eggjs/router/lib/egg_router.js:322:18)
    at dispatch (/Users/zhudapeng/Desktop/egg-learn/node_modules/koa-compose/index.js:44:32)
    at next (/Users/zhudapeng/Desktop/egg-learn/node_modules/koa-compose/index.js:45:18)
    at /Users/zhudapeng/Desktop/egg-learn/node_modules/@eggjs/router/lib/router.js:190:18
    at dispatch (/Users/zhudapeng/Desktop/egg-learn/node_modules/koa-compose/index.js:44:32)
    at /Users/zhudapeng/Desktop/egg-learn/node_modules/koa-compose/index.js:36:12
    at dispatch (/Users/zhudapeng/Desktop/egg-learn/node_modules/@eggjs/router/lib/router.js:195:33)
    at dispatch (/Users/zhudapeng/Desktop/egg-learn/node_modules/koa/node_modules/koa-compose/index.js:42:32)
    at /Users/zhudapeng/Desktop/egg-learn/node_modules/egg-development/app/middleware/egg_loader_trace.js:9:56
    at dispatch (/Users/zhudapeng/Desktop/egg-learn/node_modules/koa/node_modules/koa-compose/index.js:42:32)
    at i18n (/Users/zhudapeng/Desktop/egg-learn/node_modules/egg-i18n/app/middleware/i18n.js:13:12)
    at dispatch (/Users/zhudapeng/Desktop/egg-learn/node_modules/koa/node_modules/koa-compose/index.js:42:32)
    at dispatch (/Users/zhudapeng/Desktop/egg-learn/node_modules/egg-security/node_modules/koa-compose/index.js:42:32)
    at dta (/Users/zhudapeng/Desktop/egg-learn/node_modules/egg-security/lib/middlewares/dta.js:12:12)
    at dispatch (/Users/zhudapeng/Desktop/egg-learn/node_modules/egg-security/node_modules/koa-compose/index.js:42:32)
    at xframe (/Users/zhudapeng/Desktop/egg-learn/node_modules/egg-security/lib/middlewares/xframe.js:7:11)
    at dispatch (/Users/zhudapeng/Desktop/egg-learn/node_modules/egg-security/node_modules/koa-compose/index.js:42:32)
    at xssProtection (/Users/zhudapeng/Desktop/egg-learn/node_modules/egg-security/lib/middlewares/xssProtection.js:7:11)
    at dispatch (/Users/zhudapeng/Desktop/egg-learn/node_modules/egg-security/node_modules/koa-compose/index.js:42:32)
    at nosniff (/Users/zhudapeng/Desktop/egg-learn/node_modules/egg-security/lib/middlewares/nosniff.js:8:11)
    at dispatch (/Users/zhudapeng/Desktop/egg-learn/node_modules/egg-security/node_modules/koa-compose/index.js:42:32)
name: "SequelizeDatabaseError"
parent: {"code":"ER_PARSE_ERROR","errno":1064,"sqlState":"42000","sqlMessage":"You have an error in your SQL syntax; check the manual that corresponds to your MySQL server version for the right syntax to use near ', 28 order by age' at line 1","sql":"select * from user where age between 18, 28 order by age"}
original: {"code":"ER_PARSE_ERROR","errno":1064,"sqlState":"42000","sqlMessage":"You have an error in your SQL syntax; check the manual that corresponds to your MySQL server version for the right syntax to use near ', 28 order by age' at line 1","sql":"select * from user where age between 18, 28 order by age"}
sql: "select * from user where age between 18, 28 order by age"
parameters: undefined
pid: 1533
hostname: zhudapengdeMacBook-Pro.local

2019-10-08 23:10:10,989 ERROR 1863 [-/127.0.0.1/-/89ms GET /userOne] nodejs.SequelizeDatabaseError: Unknown column 'Info.orderBy' in 'on clause'
    at Query.formatError (/Users/zhudapeng/Documents/GitHub/egg-learn/node_modules/sequelize/lib/dialects/mysql/query.js:244:16)
    at Query.handler [as onResult] (/Users/zhudapeng/Documents/GitHub/egg-learn/node_modules/sequelize/lib/dialects/mysql/query.js:51:23)
    at Query.execute (/Users/zhudapeng/Documents/GitHub/egg-learn/node_modules/mysql2/lib/commands/command.js:30:14)
    at Connection.handlePacket (/Users/zhudapeng/Documents/GitHub/egg-learn/node_modules/mysql2/lib/connection.js:408:32)
    at PacketParser.Connection.packetParser.p [as onPacket] (/Users/zhudapeng/Documents/GitHub/egg-learn/node_modules/mysql2/lib/connection.js:70:12)
    at PacketParser.executeStart (/Users/zhudapeng/Documents/GitHub/egg-learn/node_modules/mysql2/lib/packet_parser.js:75:16)
    at Socket.Connection.stream.on.data (/Users/zhudapeng/Documents/GitHub/egg-learn/node_modules/mysql2/lib/connection.js:77:25)
    at Socket.emit (events.js:189:13)
    at addChunk (_stream_readable.js:284:12)
    at readableAddChunk (_stream_readable.js:265:11)
    at Socket.Readable.push (_stream_readable.js:220:10)
    at TCP.onStreamRead [as onread] (internal/stream_base_commons.js:94:17)
From previous event:
    at Query.run (/Users/zhudapeng/Documents/GitHub/egg-learn/node_modules/sequelize/lib/dialects/mysql/query.js:39:12)
    at runHooks.then.then (/Users/zhudapeng/Documents/GitHub/egg-learn/node_modules/sequelize/lib/sequelize.js:645:29)
From previous event:
    at Promise.try.then.connection (/Users/zhudapeng/Documents/GitHub/egg-learn/node_modules/sequelize/lib/sequelize.js:645:12)
From previous event:
    at Promise.resolve.retry (/Users/zhudapeng/Documents/GitHub/egg-learn/node_modules/sequelize/lib/sequelize.js:641:10)
    at /Users/zhudapeng/Documents/GitHub/egg-learn/node_modules/retry-as-promised/index.js:70:21
    at new Promise (<anonymous>)
    at retryAsPromised (/Users/zhudapeng/Documents/GitHub/egg-learn/node_modules/retry-as-promised/index.js:60:10)
    at Promise.try (/Users/zhudapeng/Documents/GitHub/egg-learn/node_modules/sequelize/lib/sequelize.js:631:30)
From previous event:
    at Sequelize.query (/Users/zhudapeng/Documents/GitHub/egg-learn/node_modules/sequelize/lib/sequelize.js:580:23)
    at QueryInterface.select (/Users/zhudapeng/Documents/GitHub/egg-learn/node_modules/sequelize/lib/query-interface.js:1120:27)
    at Promise.try.then.then.then (/Users/zhudapeng/Documents/GitHub/egg-learn/node_modules/sequelize/lib/model.js:1756:34)
    at runCallback (timers.js:705:18)
    at tryOnImmediate (timers.js:676:5)
    at processImmediate (timers.js:658:5)
From previous event:
    at Function.findAll (/Users/zhudapeng/Documents/GitHub/egg-learn/node_modules/sequelize/lib/model.js:1754:8)
    at UserOneController.getUserListIncludeInfo (/Users/zhudapeng/Documents/GitHub/egg-learn/app/controller/userOne.ts:22:54)
name: "SequelizeDatabaseError"
parent: {"code":"ER_BAD_FIELD_ERROR","errno":1054,"sqlState":"42S22","sqlMessage":"Unknown column 'Info.orderBy' in 'on clause'","sql":"SELECT `user_one`.`id`, `user_one`.`username`, `user_one`.`created_at` AS `createdAt`, `user_one`.`updated_at` AS `updatedAt`, `Info`.`id` AS `Info.id`, `Info`.`age` AS `Info.age`, `Info`.`address` AS `Info.address`, `Info`.`created_at` AS `Info.createdAt`, `Info`.`updated_at` AS `Info.updatedAt`, `Info`.`user_id` AS `Info.user_id` FROM `user_one` AS `user_one` LEFT OUTER JOIN `user_info` AS `Info` ON `user_one`.`id` = `Info`.`user_id` AND `Info`.`age` >= 50 AND `Info`.`orderBy` = 'created_time';"}
original: {"code":"ER_BAD_FIELD_ERROR","errno":1054,"sqlState":"42S22","sqlMessage":"Unknown column 'Info.orderBy' in 'on clause'","sql":"SELECT `user_one`.`id`, `user_one`.`username`, `user_one`.`created_at` AS `createdAt`, `user_one`.`updated_at` AS `updatedAt`, `Info`.`id` AS `Info.id`, `Info`.`age` AS `Info.age`, `Info`.`address` AS `Info.address`, `Info`.`created_at` AS `Info.createdAt`, `Info`.`updated_at` AS `Info.updatedAt`, `Info`.`user_id` AS `Info.user_id` FROM `user_one` AS `user_one` LEFT OUTER JOIN `user_info` AS `Info` ON `user_one`.`id` = `Info`.`user_id` AND `Info`.`age` >= 50 AND `Info`.`orderBy` = 'created_time';"}
sql: "SELECT `user_one`.`id`, `user_one`.`username`, `user_one`.`created_at` AS `createdAt`, `user_one`.`updated_at` AS `updatedAt`, `Info`.`id` AS `Info.id`, `Info`.`age` AS `Info.age`, `Info`.`address` AS `Info.address`, `Info`.`created_at` AS `Info.createdAt`, `Info`.`updated_at` AS `Info.updatedAt`, `Info`.`user_id` AS `Info.user_id` FROM `user_one` AS `user_one` LEFT OUTER JOIN `user_info` AS `Info` ON `user_one`.`id` = `Info`.`user_id` AND `Info`.`age` >= 50 AND `Info`.`orderBy` = 'created_time';"
parameters: undefined
pid: 1863
hostname: zhudapengdeMacBook-Pro.local

2019-10-08 23:10:12,876 ERROR 1863 [-/127.0.0.1/-/17ms GET /userOne] nodejs.SequelizeDatabaseError: Unknown column 'Info.orderBy' in 'on clause'
    at Query.formatError (/Users/zhudapeng/Documents/GitHub/egg-learn/node_modules/sequelize/lib/dialects/mysql/query.js:244:16)
    at Query.handler [as onResult] (/Users/zhudapeng/Documents/GitHub/egg-learn/node_modules/sequelize/lib/dialects/mysql/query.js:51:23)
    at Query.execute (/Users/zhudapeng/Documents/GitHub/egg-learn/node_modules/mysql2/lib/commands/command.js:30:14)
    at Connection.handlePacket (/Users/zhudapeng/Documents/GitHub/egg-learn/node_modules/mysql2/lib/connection.js:408:32)
    at PacketParser.Connection.packetParser.p [as onPacket] (/Users/zhudapeng/Documents/GitHub/egg-learn/node_modules/mysql2/lib/connection.js:70:12)
    at PacketParser.executeStart (/Users/zhudapeng/Documents/GitHub/egg-learn/node_modules/mysql2/lib/packet_parser.js:75:16)
    at Socket.Connection.stream.on.data (/Users/zhudapeng/Documents/GitHub/egg-learn/node_modules/mysql2/lib/connection.js:77:25)
    at Socket.emit (events.js:189:13)
    at addChunk (_stream_readable.js:284:12)
    at readableAddChunk (_stream_readable.js:265:11)
    at Socket.Readable.push (_stream_readable.js:220:10)
    at TCP.onStreamRead [as onread] (internal/stream_base_commons.js:94:17)
From previous event:
    at Query.run (/Users/zhudapeng/Documents/GitHub/egg-learn/node_modules/sequelize/lib/dialects/mysql/query.js:39:12)
    at runHooks.then.then (/Users/zhudapeng/Documents/GitHub/egg-learn/node_modules/sequelize/lib/sequelize.js:645:29)
From previous event:
    at Promise.try.then.connection (/Users/zhudapeng/Documents/GitHub/egg-learn/node_modules/sequelize/lib/sequelize.js:645:12)
From previous event:
    at Promise.resolve.retry (/Users/zhudapeng/Documents/GitHub/egg-learn/node_modules/sequelize/lib/sequelize.js:641:10)
    at /Users/zhudapeng/Documents/GitHub/egg-learn/node_modules/retry-as-promised/index.js:70:21
    at new Promise (<anonymous>)
    at retryAsPromised (/Users/zhudapeng/Documents/GitHub/egg-learn/node_modules/retry-as-promised/index.js:60:10)
    at Promise.try (/Users/zhudapeng/Documents/GitHub/egg-learn/node_modules/sequelize/lib/sequelize.js:631:30)
From previous event:
    at Sequelize.query (/Users/zhudapeng/Documents/GitHub/egg-learn/node_modules/sequelize/lib/sequelize.js:580:23)
    at QueryInterface.select (/Users/zhudapeng/Documents/GitHub/egg-learn/node_modules/sequelize/lib/query-interface.js:1120:27)
    at Promise.try.then.then.then (/Users/zhudapeng/Documents/GitHub/egg-learn/node_modules/sequelize/lib/model.js:1756:34)
    at runCallback (timers.js:705:18)
    at tryOnImmediate (timers.js:676:5)
    at processImmediate (timers.js:658:5)
From previous event:
    at Function.findAll (/Users/zhudapeng/Documents/GitHub/egg-learn/node_modules/sequelize/lib/model.js:1754:8)
    at UserOneController.getUserListIncludeInfo (/Users/zhudapeng/Documents/GitHub/egg-learn/app/controller/userOne.ts:22:54)
name: "SequelizeDatabaseError"
parent: {"code":"ER_BAD_FIELD_ERROR","errno":1054,"sqlState":"42S22","sqlMessage":"Unknown column 'Info.orderBy' in 'on clause'","sql":"SELECT `user_one`.`id`, `user_one`.`username`, `user_one`.`created_at` AS `createdAt`, `user_one`.`updated_at` AS `updatedAt`, `Info`.`id` AS `Info.id`, `Info`.`age` AS `Info.age`, `Info`.`address` AS `Info.address`, `Info`.`created_at` AS `Info.createdAt`, `Info`.`updated_at` AS `Info.updatedAt`, `Info`.`user_id` AS `Info.user_id` FROM `user_one` AS `user_one` LEFT OUTER JOIN `user_info` AS `Info` ON `user_one`.`id` = `Info`.`user_id` AND `Info`.`age` >= 50 AND `Info`.`orderBy` = 'created_time';"}
original: {"code":"ER_BAD_FIELD_ERROR","errno":1054,"sqlState":"42S22","sqlMessage":"Unknown column 'Info.orderBy' in 'on clause'","sql":"SELECT `user_one`.`id`, `user_one`.`username`, `user_one`.`created_at` AS `createdAt`, `user_one`.`updated_at` AS `updatedAt`, `Info`.`id` AS `Info.id`, `Info`.`age` AS `Info.age`, `Info`.`address` AS `Info.address`, `Info`.`created_at` AS `Info.createdAt`, `Info`.`updated_at` AS `Info.updatedAt`, `Info`.`user_id` AS `Info.user_id` FROM `user_one` AS `user_one` LEFT OUTER JOIN `user_info` AS `Info` ON `user_one`.`id` = `Info`.`user_id` AND `Info`.`age` >= 50 AND `Info`.`orderBy` = 'created_time';"}
sql: "SELECT `user_one`.`id`, `user_one`.`username`, `user_one`.`created_at` AS `createdAt`, `user_one`.`updated_at` AS `updatedAt`, `Info`.`id` AS `Info.id`, `Info`.`age` AS `Info.age`, `Info`.`address` AS `Info.address`, `Info`.`created_at` AS `Info.createdAt`, `Info`.`updated_at` AS `Info.updatedAt`, `Info`.`user_id` AS `Info.user_id` FROM `user_one` AS `user_one` LEFT OUTER JOIN `user_info` AS `Info` ON `user_one`.`id` = `Info`.`user_id` AND `Info`.`age` >= 50 AND `Info`.`orderBy` = 'created_time';"
parameters: undefined
pid: 1863
hostname: zhudapengdeMacBook-Pro.local

2019-10-09 21:31:19,709 ERROR 984 [-/127.0.0.1/-/77ms GET /userMany] nodejs.SequelizeDatabaseError: Unknown column 'Families.user_id' in 'field list'
    at Query.formatError (/Users/zhudapeng/Documents/GitHub/egg-learn/node_modules/sequelize/lib/dialects/mysql/query.js:244:16)
    at Query.handler [as onResult] (/Users/zhudapeng/Documents/GitHub/egg-learn/node_modules/sequelize/lib/dialects/mysql/query.js:51:23)
    at Query.execute (/Users/zhudapeng/Documents/GitHub/egg-learn/node_modules/mysql2/lib/commands/command.js:30:14)
    at Connection.handlePacket (/Users/zhudapeng/Documents/GitHub/egg-learn/node_modules/mysql2/lib/connection.js:408:32)
    at PacketParser.Connection.packetParser.p [as onPacket] (/Users/zhudapeng/Documents/GitHub/egg-learn/node_modules/mysql2/lib/connection.js:70:12)
    at PacketParser.executeStart (/Users/zhudapeng/Documents/GitHub/egg-learn/node_modules/mysql2/lib/packet_parser.js:75:16)
    at Socket.Connection.stream.on.data (/Users/zhudapeng/Documents/GitHub/egg-learn/node_modules/mysql2/lib/connection.js:77:25)
    at Socket.emit (events.js:189:13)
    at addChunk (_stream_readable.js:284:12)
    at readableAddChunk (_stream_readable.js:265:11)
    at Socket.Readable.push (_stream_readable.js:220:10)
    at TCP.onStreamRead [as onread] (internal/stream_base_commons.js:94:17)
From previous event:
    at Query.run (/Users/zhudapeng/Documents/GitHub/egg-learn/node_modules/sequelize/lib/dialects/mysql/query.js:39:12)
    at runHooks.then.then (/Users/zhudapeng/Documents/GitHub/egg-learn/node_modules/sequelize/lib/sequelize.js:645:29)
From previous event:
    at Promise.try.then.connection (/Users/zhudapeng/Documents/GitHub/egg-learn/node_modules/sequelize/lib/sequelize.js:645:12)
From previous event:
    at Promise.resolve.retry (/Users/zhudapeng/Documents/GitHub/egg-learn/node_modules/sequelize/lib/sequelize.js:641:10)
    at /Users/zhudapeng/Documents/GitHub/egg-learn/node_modules/retry-as-promised/index.js:70:21
    at new Promise (<anonymous>)
    at retryAsPromised (/Users/zhudapeng/Documents/GitHub/egg-learn/node_modules/retry-as-promised/index.js:60:10)
    at Promise.try (/Users/zhudapeng/Documents/GitHub/egg-learn/node_modules/sequelize/lib/sequelize.js:631:30)
From previous event:
    at Sequelize.query (/Users/zhudapeng/Documents/GitHub/egg-learn/node_modules/sequelize/lib/sequelize.js:580:23)
    at QueryInterface.select (/Users/zhudapeng/Documents/GitHub/egg-learn/node_modules/sequelize/lib/query-interface.js:1120:27)
    at Promise.try.then.then.then (/Users/zhudapeng/Documents/GitHub/egg-learn/node_modules/sequelize/lib/model.js:1756:34)
    at runCallback (timers.js:705:18)
    at tryOnImmediate (timers.js:676:5)
    at processImmediate (timers.js:658:5)
From previous event:
    at Function.findAll (/Users/zhudapeng/Documents/GitHub/egg-learn/node_modules/sequelize/lib/model.js:1754:8)
    at UserOneController.hasMany (/Users/zhudapeng/Documents/GitHub/egg-learn/app/controller/userOne.ts:45:51)
    at Object.callFn (/Users/zhudapeng/Documents/GitHub/egg-learn/node_modules/egg-core/lib/utils/index.js:44:21)
    at Object.classControllerMiddleware (/Users/zhudapeng/Documents/GitHub/egg-learn/node_modules/egg-core/lib/loader/mixin/controller.js:87:20)
    at Object.callFn (/Users/zhudapeng/Documents/GitHub/egg-learn/node_modules/@eggjs/router/lib/utils.js:12:21)
    at wrappedController (/Users/zhudapeng/Documents/GitHub/egg-learn/node_modules/@eggjs/router/lib/egg_router.js:322:18)
    at dispatch (/Users/zhudapeng/Documents/GitHub/egg-learn/node_modules/koa-compose/index.js:44:32)
    at next (/Users/zhudapeng/Documents/GitHub/egg-learn/node_modules/koa-compose/index.js:45:18)
    at /Users/zhudapeng/Documents/GitHub/egg-learn/node_modules/@eggjs/router/lib/router.js:190:18
    at dispatch (/Users/zhudapeng/Documents/GitHub/egg-learn/node_modules/koa-compose/index.js:44:32)
    at /Users/zhudapeng/Documents/GitHub/egg-learn/node_modules/koa-compose/index.js:36:12
    at dispatch (/Users/zhudapeng/Documents/GitHub/egg-learn/node_modules/@eggjs/router/lib/router.js:195:33)
    at dispatch (/Users/zhudapeng/Documents/GitHub/egg-learn/node_modules/koa/node_modules/koa-compose/index.js:42:32)
    at /Users/zhudapeng/Documents/GitHub/egg-learn/node_modules/egg-development/app/middleware/egg_loader_trace.js:9:56
    at dispatch (/Users/zhudapeng/Documents/GitHub/egg-learn/node_modules/koa/node_modules/koa-compose/index.js:42:32)
    at i18n (/Users/zhudapeng/Documents/GitHub/egg-learn/node_modules/egg-i18n/app/middleware/i18n.js:13:12)
    at dispatch (/Users/zhudapeng/Documents/GitHub/egg-learn/node_modules/koa/node_modules/koa-compose/index.js:42:32)
    at dispatch (/Users/zhudapeng/Documents/GitHub/egg-learn/node_modules/egg-security/node_modules/koa-compose/index.js:42:32)
    at dta (/Users/zhudapeng/Documents/GitHub/egg-learn/node_modules/egg-security/lib/middlewares/dta.js:12:12)
    at dispatch (/Users/zhudapeng/Documents/GitHub/egg-learn/node_modules/egg-security/node_modules/koa-compose/index.js:42:32)
    at xframe (/Users/zhudapeng/Documents/GitHub/egg-learn/node_modules/egg-security/lib/middlewares/xframe.js:7:11)
    at dispatch (/Users/zhudapeng/Documents/GitHub/egg-learn/node_modules/egg-security/node_modules/koa-compose/index.js:42:32)
    at xssProtection (/Users/zhudapeng/Documents/GitHub/egg-learn/node_modules/egg-security/lib/middlewares/xssProtection.js:7:11)
    at dispatch (/Users/zhudapeng/Documents/GitHub/egg-learn/node_modules/egg-security/node_modules/koa-compose/index.js:42:32)
    at nosniff (/Users/zhudapeng/Documents/GitHub/egg-learn/node_modules/egg-security/lib/middlewares/nosniff.js:8:11)
name: "SequelizeDatabaseError"
parent: {"code":"ER_BAD_FIELD_ERROR","errno":1054,"sqlState":"42S22","sqlMessage":"Unknown column 'Families.user_id' in 'field list'","sql":"SELECT `user_one`.`id`, `user_one`.`username`, `user_one`.`created_at` AS `createdAt`, `user_one`.`updated_at` AS `updatedAt`, `Families`.`id` AS `Families.id`, `Families`.`name` AS `Families.name`, `Families`.`gender` AS `Families.gender`, `Families`.`relationship` AS `Families.relationship`, `Families`.`created_at` AS `Families.createdAt`, `Families`.`updated_at` AS `Families.updatedAt`, `Families`.`user_id` AS `Families.user_id` FROM `user_one` AS `user_one` LEFT OUTER JOIN `family` AS `Families` ON `user_one`.`id` = `Families`.`user_id`;"}
original: {"code":"ER_BAD_FIELD_ERROR","errno":1054,"sqlState":"42S22","sqlMessage":"Unknown column 'Families.user_id' in 'field list'","sql":"SELECT `user_one`.`id`, `user_one`.`username`, `user_one`.`created_at` AS `createdAt`, `user_one`.`updated_at` AS `updatedAt`, `Families`.`id` AS `Families.id`, `Families`.`name` AS `Families.name`, `Families`.`gender` AS `Families.gender`, `Families`.`relationship` AS `Families.relationship`, `Families`.`created_at` AS `Families.createdAt`, `Families`.`updated_at` AS `Families.updatedAt`, `Families`.`user_id` AS `Families.user_id` FROM `user_one` AS `user_one` LEFT OUTER JOIN `family` AS `Families` ON `user_one`.`id` = `Families`.`user_id`;"}
sql: "SELECT `user_one`.`id`, `user_one`.`username`, `user_one`.`created_at` AS `createdAt`, `user_one`.`updated_at` AS `updatedAt`, `Families`.`id` AS `Families.id`, `Families`.`name` AS `Families.name`, `Families`.`gender` AS `Families.gender`, `Families`.`relationship` AS `Families.relationship`, `Families`.`created_at` AS `Families.createdAt`, `Families`.`updated_at` AS `Families.updatedAt`, `Families`.`user_id` AS `Families.user_id` FROM `user_one` AS `user_one` LEFT OUTER JOIN `family` AS `Families` ON `user_one`.`id` = `Families`.`user_id`;"
parameters: undefined
pid: 984
hostname: zhudapengdeMacBook-Pro.local

2019-10-09 21:50:11,091 ERROR 1050 [-/127.0.0.1/-/26ms GET /belongsTo] nodejs.SequelizeEagerLoadingError: user_one is not associated to Family!
    at Function._getIncludedAssociation (/Users/zhudapeng/Documents/GitHub/egg-learn/node_modules/sequelize/lib/model.js:715:13)
    at Function._validateIncludedElement (/Users/zhudapeng/Documents/GitHub/egg-learn/node_modules/sequelize/lib/model.js:619:53)
    at options.include.options.include.map.include (/Users/zhudapeng/Documents/GitHub/egg-learn/node_modules/sequelize/lib/model.js:516:37)
    at Array.map (<anonymous>)
    at Function._validateIncludedElements (/Users/zhudapeng/Documents/GitHub/egg-learn/node_modules/sequelize/lib/model.js:511:39)
    at Promise.try.then.then (/Users/zhudapeng/Documents/GitHub/egg-learn/node_modules/sequelize/lib/model.js:1725:14)
    at runCallback (timers.js:705:18)
    at tryOnImmediate (timers.js:676:5)
    at processImmediate (timers.js:658:5)
From previous event:
    at Function.findAll (/Users/zhudapeng/Documents/GitHub/egg-learn/node_modules/sequelize/lib/model.js:1719:8)
    at UserOneController.belongsTo (/Users/zhudapeng/Documents/GitHub/egg-learn/app/controller/userOne.ts:58:50)
    at Object.callFn (/Users/zhudapeng/Documents/GitHub/egg-learn/node_modules/egg-core/lib/utils/index.js:44:21)
    at Object.classControllerMiddleware (/Users/zhudapeng/Documents/GitHub/egg-learn/node_modules/egg-core/lib/loader/mixin/controller.js:87:20)
    at Object.callFn (/Users/zhudapeng/Documents/GitHub/egg-learn/node_modules/@eggjs/router/lib/utils.js:12:21)
    at wrappedController (/Users/zhudapeng/Documents/GitHub/egg-learn/node_modules/@eggjs/router/lib/egg_router.js:322:18)
    at dispatch (/Users/zhudapeng/Documents/GitHub/egg-learn/node_modules/koa-compose/index.js:44:32)
    at next (/Users/zhudapeng/Documents/GitHub/egg-learn/node_modules/koa-compose/index.js:45:18)
    at /Users/zhudapeng/Documents/GitHub/egg-learn/node_modules/@eggjs/router/lib/router.js:190:18
    at dispatch (/Users/zhudapeng/Documents/GitHub/egg-learn/node_modules/koa-compose/index.js:44:32)
    at /Users/zhudapeng/Documents/GitHub/egg-learn/node_modules/koa-compose/index.js:36:12
    at dispatch (/Users/zhudapeng/Documents/GitHub/egg-learn/node_modules/@eggjs/router/lib/router.js:195:33)
    at dispatch (/Users/zhudapeng/Documents/GitHub/egg-learn/node_modules/koa/node_modules/koa-compose/index.js:42:32)
    at /Users/zhudapeng/Documents/GitHub/egg-learn/node_modules/egg-development/app/middleware/egg_loader_trace.js:9:56
    at dispatch (/Users/zhudapeng/Documents/GitHub/egg-learn/node_modules/koa/node_modules/koa-compose/index.js:42:32)
    at i18n (/Users/zhudapeng/Documents/GitHub/egg-learn/node_modules/egg-i18n/app/middleware/i18n.js:13:12)
    at dispatch (/Users/zhudapeng/Documents/GitHub/egg-learn/node_modules/koa/node_modules/koa-compose/index.js:42:32)
    at dispatch (/Users/zhudapeng/Documents/GitHub/egg-learn/node_modules/egg-security/node_modules/koa-compose/index.js:42:32)
    at dta (/Users/zhudapeng/Documents/GitHub/egg-learn/node_modules/egg-security/lib/middlewares/dta.js:12:12)
    at dispatch (/Users/zhudapeng/Documents/GitHub/egg-learn/node_modules/egg-security/node_modules/koa-compose/index.js:42:32)
    at xframe (/Users/zhudapeng/Documents/GitHub/egg-learn/node_modules/egg-security/lib/middlewares/xframe.js:7:11)
    at dispatch (/Users/zhudapeng/Documents/GitHub/egg-learn/node_modules/egg-security/node_modules/koa-compose/index.js:42:32)
    at xssProtection (/Users/zhudapeng/Documents/GitHub/egg-learn/node_modules/egg-security/lib/middlewares/xssProtection.js:7:11)
    at dispatch (/Users/zhudapeng/Documents/GitHub/egg-learn/node_modules/egg-security/node_modules/koa-compose/index.js:42:32)
    at nosniff (/Users/zhudapeng/Documents/GitHub/egg-learn/node_modules/egg-security/lib/middlewares/nosniff.js:8:11)
name: "SequelizeEagerLoadingError"
pid: 1050
hostname: zhudapengdeMacBook-Pro.local

2019-10-09 22:14:47,992 ERROR 1241 [-/127.0.0.1/-/43ms GET /belongsToMany] nodejs.SequelizeDatabaseError: Unknown column 'Teachers.updated_at' in 'field list'
    at Query.formatError (/Users/zhudapeng/Documents/GitHub/egg-learn/node_modules/sequelize/lib/dialects/mysql/query.js:244:16)
    at Query.handler [as onResult] (/Users/zhudapeng/Documents/GitHub/egg-learn/node_modules/sequelize/lib/dialects/mysql/query.js:51:23)
    at Query.execute (/Users/zhudapeng/Documents/GitHub/egg-learn/node_modules/mysql2/lib/commands/command.js:30:14)
    at Connection.handlePacket (/Users/zhudapeng/Documents/GitHub/egg-learn/node_modules/mysql2/lib/connection.js:408:32)
    at PacketParser.Connection.packetParser.p [as onPacket] (/Users/zhudapeng/Documents/GitHub/egg-learn/node_modules/mysql2/lib/connection.js:70:12)
    at PacketParser.executeStart (/Users/zhudapeng/Documents/GitHub/egg-learn/node_modules/mysql2/lib/packet_parser.js:75:16)
    at Socket.Connection.stream.on.data (/Users/zhudapeng/Documents/GitHub/egg-learn/node_modules/mysql2/lib/connection.js:77:25)
    at Socket.emit (events.js:189:13)
    at addChunk (_stream_readable.js:284:12)
    at readableAddChunk (_stream_readable.js:265:11)
    at Socket.Readable.push (_stream_readable.js:220:10)
    at TCP.onStreamRead [as onread] (internal/stream_base_commons.js:94:17)
From previous event:
    at Query.run (/Users/zhudapeng/Documents/GitHub/egg-learn/node_modules/sequelize/lib/dialects/mysql/query.js:39:12)
    at runHooks.then.then (/Users/zhudapeng/Documents/GitHub/egg-learn/node_modules/sequelize/lib/sequelize.js:645:29)
From previous event:
    at Promise.try.then.connection (/Users/zhudapeng/Documents/GitHub/egg-learn/node_modules/sequelize/lib/sequelize.js:645:12)
From previous event:
    at Promise.resolve.retry (/Users/zhudapeng/Documents/GitHub/egg-learn/node_modules/sequelize/lib/sequelize.js:641:10)
    at /Users/zhudapeng/Documents/GitHub/egg-learn/node_modules/retry-as-promised/index.js:70:21
    at new Promise (<anonymous>)
    at retryAsPromised (/Users/zhudapeng/Documents/GitHub/egg-learn/node_modules/retry-as-promised/index.js:60:10)
    at Promise.try (/Users/zhudapeng/Documents/GitHub/egg-learn/node_modules/sequelize/lib/sequelize.js:631:30)
From previous event:
    at Sequelize.query (/Users/zhudapeng/Documents/GitHub/egg-learn/node_modules/sequelize/lib/sequelize.js:580:23)
    at QueryInterface.select (/Users/zhudapeng/Documents/GitHub/egg-learn/node_modules/sequelize/lib/query-interface.js:1120:27)
    at Promise.try.then.then.then (/Users/zhudapeng/Documents/GitHub/egg-learn/node_modules/sequelize/lib/model.js:1756:34)
    at runCallback (timers.js:705:18)
    at tryOnImmediate (timers.js:676:5)
    at processImmediate (timers.js:658:5)
From previous event:
    at Function.findAll (/Users/zhudapeng/Documents/GitHub/egg-learn/node_modules/sequelize/lib/model.js:1754:8)
    at UserOneController.belongsToMany (/Users/zhudapeng/Documents/GitHub/egg-learn/app/controller/userOne.ts:71:50)
    at Object.callFn (/Users/zhudapeng/Documents/GitHub/egg-learn/node_modules/egg-core/lib/utils/index.js:44:21)
    at Object.classControllerMiddleware (/Users/zhudapeng/Documents/GitHub/egg-learn/node_modules/egg-core/lib/loader/mixin/controller.js:87:20)
    at Object.callFn (/Users/zhudapeng/Documents/GitHub/egg-learn/node_modules/@eggjs/router/lib/utils.js:12:21)
    at wrappedController (/Users/zhudapeng/Documents/GitHub/egg-learn/node_modules/@eggjs/router/lib/egg_router.js:322:18)
    at dispatch (/Users/zhudapeng/Documents/GitHub/egg-learn/node_modules/koa-compose/index.js:44:32)
    at next (/Users/zhudapeng/Documents/GitHub/egg-learn/node_modules/koa-compose/index.js:45:18)
    at /Users/zhudapeng/Documents/GitHub/egg-learn/node_modules/@eggjs/router/lib/router.js:190:18
    at dispatch (/Users/zhudapeng/Documents/GitHub/egg-learn/node_modules/koa-compose/index.js:44:32)
    at /Users/zhudapeng/Documents/GitHub/egg-learn/node_modules/koa-compose/index.js:36:12
    at dispatch (/Users/zhudapeng/Documents/GitHub/egg-learn/node_modules/@eggjs/router/lib/router.js:195:33)
    at dispatch (/Users/zhudapeng/Documents/GitHub/egg-learn/node_modules/koa/node_modules/koa-compose/index.js:42:32)
    at /Users/zhudapeng/Documents/GitHub/egg-learn/node_modules/egg-development/app/middleware/egg_loader_trace.js:9:56
    at dispatch (/Users/zhudapeng/Documents/GitHub/egg-learn/node_modules/koa/node_modules/koa-compose/index.js:42:32)
    at i18n (/Users/zhudapeng/Documents/GitHub/egg-learn/node_modules/egg-i18n/app/middleware/i18n.js:13:12)
    at dispatch (/Users/zhudapeng/Documents/GitHub/egg-learn/node_modules/koa/node_modules/koa-compose/index.js:42:32)
    at dispatch (/Users/zhudapeng/Documents/GitHub/egg-learn/node_modules/egg-security/node_modules/koa-compose/index.js:42:32)
    at dta (/Users/zhudapeng/Documents/GitHub/egg-learn/node_modules/egg-security/lib/middlewares/dta.js:12:12)
    at dispatch (/Users/zhudapeng/Documents/GitHub/egg-learn/node_modules/egg-security/node_modules/koa-compose/index.js:42:32)
    at xframe (/Users/zhudapeng/Documents/GitHub/egg-learn/node_modules/egg-security/lib/middlewares/xframe.js:7:11)
    at dispatch (/Users/zhudapeng/Documents/GitHub/egg-learn/node_modules/egg-security/node_modules/koa-compose/index.js:42:32)
    at xssProtection (/Users/zhudapeng/Documents/GitHub/egg-learn/node_modules/egg-security/lib/middlewares/xssProtection.js:7:11)
    at dispatch (/Users/zhudapeng/Documents/GitHub/egg-learn/node_modules/egg-security/node_modules/koa-compose/index.js:42:32)
    at nosniff (/Users/zhudapeng/Documents/GitHub/egg-learn/node_modules/egg-security/lib/middlewares/nosniff.js:8:11)
name: "SequelizeDatabaseError"
parent: {"code":"ER_BAD_FIELD_ERROR","errno":1054,"sqlState":"42S22","sqlMessage":"Unknown column 'Teachers.updated_at' in 'field list'","sql":"SELECT `Lesson`.`id`, `Lesson`.`name`, `Lesson`.`created_at` AS `createdAt`, `Lesson`.`updated_at` AS `updatedAt`, `Teachers`.`id` AS `Teachers.id`, `Teachers`.`name` AS `Teachers.name`, `Teachers`.`created_at` AS `Teachers.createdAt`, `Teachers`.`updated_at` AS `Teachers.updatedAt`, `Teachers->TeacherLessonRelation`.`id` AS `Teachers.TeacherLessonRelation.id`, `Teachers->TeacherLessonRelation`.`lesson_id` AS `Teachers.TeacherLessonRelation.lessonId`, `Teachers->TeacherLessonRelation`.`teacher_id` AS `Teachers.TeacherLessonRelation.teacherId`, `Teachers->TeacherLessonRelation`.`created_at` AS `Teachers.TeacherLessonRelation.createdAt`, `Teachers->TeacherLessonRelation`.`updated_at` AS `Teachers.TeacherLessonRelation.updatedAt` FROM `lesson` AS `Lesson` LEFT OUTER JOIN ( `teacher_lesson_relation` AS `Teachers->TeacherLessonRelation` INNER JOIN `teacher` AS `Teachers` ON `Teachers`.`id` = `Teachers->TeacherLessonRelation`.`teacher_id`) ON `Lesson`.`id` = `Teachers->TeacherLessonRelation`.`lesson_id`;"}
original: {"code":"ER_BAD_FIELD_ERROR","errno":1054,"sqlState":"42S22","sqlMessage":"Unknown column 'Teachers.updated_at' in 'field list'","sql":"SELECT `Lesson`.`id`, `Lesson`.`name`, `Lesson`.`created_at` AS `createdAt`, `Lesson`.`updated_at` AS `updatedAt`, `Teachers`.`id` AS `Teachers.id`, `Teachers`.`name` AS `Teachers.name`, `Teachers`.`created_at` AS `Teachers.createdAt`, `Teachers`.`updated_at` AS `Teachers.updatedAt`, `Teachers->TeacherLessonRelation`.`id` AS `Teachers.TeacherLessonRelation.id`, `Teachers->TeacherLessonRelation`.`lesson_id` AS `Teachers.TeacherLessonRelation.lessonId`, `Teachers->TeacherLessonRelation`.`teacher_id` AS `Teachers.TeacherLessonRelation.teacherId`, `Teachers->TeacherLessonRelation`.`created_at` AS `Teachers.TeacherLessonRelation.createdAt`, `Teachers->TeacherLessonRelation`.`updated_at` AS `Teachers.TeacherLessonRelation.updatedAt` FROM `lesson` AS `Lesson` LEFT OUTER JOIN ( `teacher_lesson_relation` AS `Teachers->TeacherLessonRelation` INNER JOIN `teacher` AS `Teachers` ON `Teachers`.`id` = `Teachers->TeacherLessonRelation`.`teacher_id`) ON `Lesson`.`id` = `Teachers->TeacherLessonRelation`.`lesson_id`;"}
sql: "SELECT `Lesson`.`id`, `Lesson`.`name`, `Lesson`.`created_at` AS `createdAt`, `Lesson`.`updated_at` AS `updatedAt`, `Teachers`.`id` AS `Teachers.id`, `Teachers`.`name` AS `Teachers.name`, `Teachers`.`created_at` AS `Teachers.createdAt`, `Teachers`.`updated_at` AS `Teachers.updatedAt`, `Teachers->TeacherLessonRelation`.`id` AS `Teachers.TeacherLessonRelation.id`, `Teachers->TeacherLessonRelation`.`lesson_id` AS `Teachers.TeacherLessonRelation.lessonId`, `Teachers->TeacherLessonRelation`.`teacher_id` AS `Teachers.TeacherLessonRelation.teacherId`, `Teachers->TeacherLessonRelation`.`created_at` AS `Teachers.TeacherLessonRelation.createdAt`, `Teachers->TeacherLessonRelation`.`updated_at` AS `Teachers.TeacherLessonRelation.updatedAt` FROM `lesson` AS `Lesson` LEFT OUTER JOIN ( `teacher_lesson_relation` AS `Teachers->TeacherLessonRelation` INNER JOIN `teacher` AS `Teachers` ON `Teachers`.`id` = `Teachers->TeacherLessonRelation`.`teacher_id`) ON `Lesson`.`id` = `Teachers->TeacherLessonRelation`.`lesson_id`;"
parameters: undefined
pid: 1241
hostname: zhudapengdeMacBook-Pro.local

2019-10-09 22:15:34,057 ERROR 1241 [-/127.0.0.1/-/30ms GET /belongsToMany] nodejs.SequelizeDatabaseError: Unknown column 'Teachers->TeacherLessonRelation.lesson_id' in 'field list'
    at Query.formatError (/Users/zhudapeng/Documents/GitHub/egg-learn/node_modules/sequelize/lib/dialects/mysql/query.js:244:16)
    at Query.handler [as onResult] (/Users/zhudapeng/Documents/GitHub/egg-learn/node_modules/sequelize/lib/dialects/mysql/query.js:51:23)
    at Query.execute (/Users/zhudapeng/Documents/GitHub/egg-learn/node_modules/mysql2/lib/commands/command.js:30:14)
    at Connection.handlePacket (/Users/zhudapeng/Documents/GitHub/egg-learn/node_modules/mysql2/lib/connection.js:408:32)
    at PacketParser.Connection.packetParser.p [as onPacket] (/Users/zhudapeng/Documents/GitHub/egg-learn/node_modules/mysql2/lib/connection.js:70:12)
    at PacketParser.executeStart (/Users/zhudapeng/Documents/GitHub/egg-learn/node_modules/mysql2/lib/packet_parser.js:75:16)
    at Socket.Connection.stream.on.data (/Users/zhudapeng/Documents/GitHub/egg-learn/node_modules/mysql2/lib/connection.js:77:25)
    at Socket.emit (events.js:189:13)
    at addChunk (_stream_readable.js:284:12)
    at readableAddChunk (_stream_readable.js:265:11)
    at Socket.Readable.push (_stream_readable.js:220:10)
    at TCP.onStreamRead [as onread] (internal/stream_base_commons.js:94:17)
From previous event:
    at Query.run (/Users/zhudapeng/Documents/GitHub/egg-learn/node_modules/sequelize/lib/dialects/mysql/query.js:39:12)
    at runHooks.then.then (/Users/zhudapeng/Documents/GitHub/egg-learn/node_modules/sequelize/lib/sequelize.js:645:29)
From previous event:
    at Promise.try.then.connection (/Users/zhudapeng/Documents/GitHub/egg-learn/node_modules/sequelize/lib/sequelize.js:645:12)
From previous event:
    at Promise.resolve.retry (/Users/zhudapeng/Documents/GitHub/egg-learn/node_modules/sequelize/lib/sequelize.js:641:10)
    at /Users/zhudapeng/Documents/GitHub/egg-learn/node_modules/retry-as-promised/index.js:70:21
    at new Promise (<anonymous>)
    at retryAsPromised (/Users/zhudapeng/Documents/GitHub/egg-learn/node_modules/retry-as-promised/index.js:60:10)
    at Promise.try (/Users/zhudapeng/Documents/GitHub/egg-learn/node_modules/sequelize/lib/sequelize.js:631:30)
From previous event:
    at Sequelize.query (/Users/zhudapeng/Documents/GitHub/egg-learn/node_modules/sequelize/lib/sequelize.js:580:23)
    at QueryInterface.select (/Users/zhudapeng/Documents/GitHub/egg-learn/node_modules/sequelize/lib/query-interface.js:1120:27)
    at Promise.try.then.then.then (/Users/zhudapeng/Documents/GitHub/egg-learn/node_modules/sequelize/lib/model.js:1756:34)
    at runCallback (timers.js:705:18)
    at tryOnImmediate (timers.js:676:5)
    at processImmediate (timers.js:658:5)
From previous event:
    at Function.findAll (/Users/zhudapeng/Documents/GitHub/egg-learn/node_modules/sequelize/lib/model.js:1754:8)
    at UserOneController.belongsToMany (/Users/zhudapeng/Documents/GitHub/egg-learn/app/controller/userOne.ts:71:50)
    at Object.callFn (/Users/zhudapeng/Documents/GitHub/egg-learn/node_modules/egg-core/lib/utils/index.js:44:21)
    at Object.classControllerMiddleware (/Users/zhudapeng/Documents/GitHub/egg-learn/node_modules/egg-core/lib/loader/mixin/controller.js:87:20)
    at Object.callFn (/Users/zhudapeng/Documents/GitHub/egg-learn/node_modules/@eggjs/router/lib/utils.js:12:21)
    at wrappedController (/Users/zhudapeng/Documents/GitHub/egg-learn/node_modules/@eggjs/router/lib/egg_router.js:322:18)
    at dispatch (/Users/zhudapeng/Documents/GitHub/egg-learn/node_modules/koa-compose/index.js:44:32)
    at next (/Users/zhudapeng/Documents/GitHub/egg-learn/node_modules/koa-compose/index.js:45:18)
    at /Users/zhudapeng/Documents/GitHub/egg-learn/node_modules/@eggjs/router/lib/router.js:190:18
    at dispatch (/Users/zhudapeng/Documents/GitHub/egg-learn/node_modules/koa-compose/index.js:44:32)
    at /Users/zhudapeng/Documents/GitHub/egg-learn/node_modules/koa-compose/index.js:36:12
    at dispatch (/Users/zhudapeng/Documents/GitHub/egg-learn/node_modules/@eggjs/router/lib/router.js:195:33)
    at dispatch (/Users/zhudapeng/Documents/GitHub/egg-learn/node_modules/koa/node_modules/koa-compose/index.js:42:32)
    at /Users/zhudapeng/Documents/GitHub/egg-learn/node_modules/egg-development/app/middleware/egg_loader_trace.js:9:56
    at dispatch (/Users/zhudapeng/Documents/GitHub/egg-learn/node_modules/koa/node_modules/koa-compose/index.js:42:32)
    at i18n (/Users/zhudapeng/Documents/GitHub/egg-learn/node_modules/egg-i18n/app/middleware/i18n.js:13:12)
    at dispatch (/Users/zhudapeng/Documents/GitHub/egg-learn/node_modules/koa/node_modules/koa-compose/index.js:42:32)
    at dispatch (/Users/zhudapeng/Documents/GitHub/egg-learn/node_modules/egg-security/node_modules/koa-compose/index.js:42:32)
    at dta (/Users/zhudapeng/Documents/GitHub/egg-learn/node_modules/egg-security/lib/middlewares/dta.js:12:12)
    at dispatch (/Users/zhudapeng/Documents/GitHub/egg-learn/node_modules/egg-security/node_modules/koa-compose/index.js:42:32)
    at xframe (/Users/zhudapeng/Documents/GitHub/egg-learn/node_modules/egg-security/lib/middlewares/xframe.js:7:11)
    at dispatch (/Users/zhudapeng/Documents/GitHub/egg-learn/node_modules/egg-security/node_modules/koa-compose/index.js:42:32)
    at xssProtection (/Users/zhudapeng/Documents/GitHub/egg-learn/node_modules/egg-security/lib/middlewares/xssProtection.js:7:11)
    at dispatch (/Users/zhudapeng/Documents/GitHub/egg-learn/node_modules/egg-security/node_modules/koa-compose/index.js:42:32)
    at nosniff (/Users/zhudapeng/Documents/GitHub/egg-learn/node_modules/egg-security/lib/middlewares/nosniff.js:8:11)
name: "SequelizeDatabaseError"
parent: {"code":"ER_BAD_FIELD_ERROR","errno":1054,"sqlState":"42S22","sqlMessage":"Unknown column 'Teachers->TeacherLessonRelation.lesson_id' in 'field list'","sql":"SELECT `Lesson`.`id`, `Lesson`.`name`, `Lesson`.`created_at` AS `createdAt`, `Lesson`.`updated_at` AS `updatedAt`, `Teachers`.`id` AS `Teachers.id`, `Teachers`.`name` AS `Teachers.name`, `Teachers`.`created_at` AS `Teachers.createdAt`, `Teachers`.`updated_at` AS `Teachers.updatedAt`, `Teachers->TeacherLessonRelation`.`id` AS `Teachers.TeacherLessonRelation.id`, `Teachers->TeacherLessonRelation`.`lesson_id` AS `Teachers.TeacherLessonRelation.lessonId`, `Teachers->TeacherLessonRelation`.`teacher_id` AS `Teachers.TeacherLessonRelation.teacherId`, `Teachers->TeacherLessonRelation`.`created_at` AS `Teachers.TeacherLessonRelation.createdAt`, `Teachers->TeacherLessonRelation`.`updated_at` AS `Teachers.TeacherLessonRelation.updatedAt` FROM `lesson` AS `Lesson` LEFT OUTER JOIN ( `teacher_lesson_relation` AS `Teachers->TeacherLessonRelation` INNER JOIN `teacher` AS `Teachers` ON `Teachers`.`id` = `Teachers->TeacherLessonRelation`.`teacher_id`) ON `Lesson`.`id` = `Teachers->TeacherLessonRelation`.`lesson_id`;"}
original: {"code":"ER_BAD_FIELD_ERROR","errno":1054,"sqlState":"42S22","sqlMessage":"Unknown column 'Teachers->TeacherLessonRelation.lesson_id' in 'field list'","sql":"SELECT `Lesson`.`id`, `Lesson`.`name`, `Lesson`.`created_at` AS `createdAt`, `Lesson`.`updated_at` AS `updatedAt`, `Teachers`.`id` AS `Teachers.id`, `Teachers`.`name` AS `Teachers.name`, `Teachers`.`created_at` AS `Teachers.createdAt`, `Teachers`.`updated_at` AS `Teachers.updatedAt`, `Teachers->TeacherLessonRelation`.`id` AS `Teachers.TeacherLessonRelation.id`, `Teachers->TeacherLessonRelation`.`lesson_id` AS `Teachers.TeacherLessonRelation.lessonId`, `Teachers->TeacherLessonRelation`.`teacher_id` AS `Teachers.TeacherLessonRelation.teacherId`, `Teachers->TeacherLessonRelation`.`created_at` AS `Teachers.TeacherLessonRelation.createdAt`, `Teachers->TeacherLessonRelation`.`updated_at` AS `Teachers.TeacherLessonRelation.updatedAt` FROM `lesson` AS `Lesson` LEFT OUTER JOIN ( `teacher_lesson_relation` AS `Teachers->TeacherLessonRelation` INNER JOIN `teacher` AS `Teachers` ON `Teachers`.`id` = `Teachers->TeacherLessonRelation`.`teacher_id`) ON `Lesson`.`id` = `Teachers->TeacherLessonRelation`.`lesson_id`;"}
sql: "SELECT `Lesson`.`id`, `Lesson`.`name`, `Lesson`.`created_at` AS `createdAt`, `Lesson`.`updated_at` AS `updatedAt`, `Teachers`.`id` AS `Teachers.id`, `Teachers`.`name` AS `Teachers.name`, `Teachers`.`created_at` AS `Teachers.createdAt`, `Teachers`.`updated_at` AS `Teachers.updatedAt`, `Teachers->TeacherLessonRelation`.`id` AS `Teachers.TeacherLessonRelation.id`, `Teachers->TeacherLessonRelation`.`lesson_id` AS `Teachers.TeacherLessonRelation.lessonId`, `Teachers->TeacherLessonRelation`.`teacher_id` AS `Teachers.TeacherLessonRelation.teacherId`, `Teachers->TeacherLessonRelation`.`created_at` AS `Teachers.TeacherLessonRelation.createdAt`, `Teachers->TeacherLessonRelation`.`updated_at` AS `Teachers.TeacherLessonRelation.updatedAt` FROM `lesson` AS `Lesson` LEFT OUTER JOIN ( `teacher_lesson_relation` AS `Teachers->TeacherLessonRelation` INNER JOIN `teacher` AS `Teachers` ON `Teachers`.`id` = `Teachers->TeacherLessonRelation`.`teacher_id`) ON `Lesson`.`id` = `Teachers->TeacherLessonRelation`.`lesson_id`;"
parameters: undefined
pid: 1241
hostname: zhudapengdeMacBook-Pro.local

2019-10-09 22:53:00,649 ERROR 1453 [-/127.0.0.1/-/63ms GET /userOne] nodejs.TypeError: moment_1.default is not a function
    at model.get (/Users/zhudapeng/Documents/GitHub/egg-learn/app/model/userOne.ts:25:30)
    at model.get (/Users/zhudapeng/Documents/GitHub/egg-learn/node_modules/sequelize/lib/model.js:3508:41)
    at model.get (/Users/zhudapeng/Documents/GitHub/egg-learn/node_modules/sequelize/lib/model.js:3542:33)
    at model.toJSON (/Users/zhudapeng/Documents/GitHub/egg-learn/node_modules/sequelize/lib/model.js:4411:12)
    at JSON.stringify (<anonymous>)
    at respond (/Users/zhudapeng/Documents/GitHub/egg-learn/node_modules/koa/lib/application.js:254:15)
    at handleResponse (/Users/zhudapeng/Documents/GitHub/egg-learn/node_modules/koa/lib/application.js:160:34)

pid: 1453
hostname: zhudapengdeMacBook-Pro.local

